
 ===================================================================================================================================
 Bernese GNSS Software, Version 5.2
 -----------------------------------------------------------------------------------------------------------------------------------
 Program        : COMPAR
 Purpose        : Coordinate comparison
 -----------------------------------------------------------------------------------------------------------------------------------
 Campaign       : ${P}/GREECE
 Default session: 0630 year 2021
 Date           : 08-Mar-2021 15:49:42
 User name      : bpe
 ===================================================================================================================================


 RNX2SNX_210630: Coordinate repeatability for verification
 -----------------------------------------------------------------------------------------------------------------------------------


 INPUT AND OUTPUT FILENAMES
 --------------------------

 -----------------------------------------------------------------------------------------------------------------------------------
 General constants               : ${X}/GEN/CONST.
 Geodetic datum                  : ${X}/GEN/DATUM.
 A priori coordinates            :  ---
 A priori velocities             :  ---
 Coordinate results              :  ---
 Covariances of coordinates      :  ---
 Weekly summary file             : ${P}/GREECE/OUT/CMP210630.SUM
 Plot skeleton                   :  ---
 Plot file of results            :  ---
 Program output                  : ${P}/GREECE/OUT/CMP210630.OUT
 Error message                   : ${U}/WORK/ERROR.MSG
 Scratch file                    : ${U}/WORK/COMPAR.SCR
 Session table                   : ${P}/GREECE/STA/SESSIONS.SES
 -----------------------------------------------------------------------------------------------------------------------------------


 -----------------------------------------------------------------------------------------------------------------------------------
 File  Coordinate files                 
 -----------------------------------------------------------------------------------------------------------------------------------
    1  ${P}/GREECE/STA/DSO210630.CRD    
 -----------------------------------------------------------------------------------------------------------------------------------


 -----------------------------------------------------------------------------------------------------------------------------------
 LIST OF COORDINATE FILES
 -----------------------------------------------------------------------------------------------------------------------------------

 NUMBER OF COORDINATE FILES:     1

 FILE  FILE NAME                           #STA  TITLE
 -----------------------------------------------------------------------------------------------------------------------------------

   1   ${P}/GREECE/STA/DSO210630.CRD       26    RNX2SNX_210630: Final coordinate/troposphere results             08-MAR-21 15:49
 -----------------------------------------------------------------------------------------------------------------------------------
 LIST OF COVARIANCE FILES
 -----------------------------------------------------------------------------------------------------------------------------------

 NUMBER OF COVARIANCE FILES:     0

 FILE  FILE NAME                         RMS       #STA  TITLE
 -----------------------------------------------------------------------------------------------------------------------------------

1

 -----------------------------------------------------------------------------------------------------------------------------------
 LIST OF STATIONS
 -----------------------------------------------------------------------------------------------------------------------------------

 TOTAL NUMBER OF STATIONS:    26

                            0
                            0
 NUM  STATION         #FIL  1
 -----------------------------------------------------------------------------------------------------------------------------------

  40  ANIK 12666M001     1  A
  41  ANKR 20805M002     1  A
  42  ANKY 18594M001     1  A
  54  ATAL 12630M001     1  A
  58  AUT1 12619M002     1  A
  79  BOR1 12205M002     1  W
 161  DUTH 12621M001     1  A
 164  EGIO 12658M001     1  A
 189  GLSV 12356M001     1  A
 214  HERS 13212M007     1  W
 229  IDI0 12667M001     1  A
 267  KLOK 12632M001     1  A
 289  LARM 12610M002     1  A
 367  NOA1 12620M001     1  A
 405  PENC 11206M006     1  A
 413  POLV 12336M001     1  W
 415  PONT 12626M001     1  A
 424  PRKV 12636M001     1  A
 429  PTKG 12664M001     1  A
 434  PYLO 12637M001     1  A
 453  RLSO 12629M001     1  A
 483  SPAN 12628M001     1  A
 538  TRO1 10302M006     1  W
 541  TUC2 12617M003     1  A
 581  VLSM 12625M001     1  A
 609  ZIMM 14001M004     1  W

 -----------------------------------------------------------------------------------------------------------------------------------
1

 -----------------------------------------------------------------------------------------------------------------------------------
 COMPARISON OF COORDINATES (IN NORTH, EAST, AND HEIGHT COMPONENT)
 EPOCH FOR COMPARISON: AS IN COORDINATE FI
 RMS: UNWEIGHTED RMS OF THE ESTIMATION OF ONE COORDINATE COMPONENT IN MM
 -----------------------------------------------------------------------------------------------------------------------------------

 NUM  STATION         #FIL C   RMS     1
 -----------------------------------------------------------------------------------------------------------------------------------

  40  ANIK 12666M001    1  N   0.00   0.00
                           E   0.00   0.00
                           U   0.00   0.00

  41  ANKR 20805M002    1  N   0.00   0.00
                           E   0.00   0.00
                           U   0.00   0.00

  42  ANKY 18594M001    1  N   0.00   0.00
                           E   0.00   0.00
                           U   0.00   0.00

  54  ATAL 12630M001    1  N   0.00   0.00
                           E   0.00   0.00
                           U   0.00   0.00

  58  AUT1 12619M002    1  N   0.00   0.00
                           E   0.00   0.00
                           U   0.00   0.00

  79  BOR1 12205M002    1  N   0.00   0.00
                           E   0.00   0.00
                           U   0.00   0.00

 161  DUTH 12621M001    1  N   0.00   0.00
                           E   0.00   0.00
                           U   0.00   0.00

 164  EGIO 12658M001    1  N   0.00   0.00
                           E   0.00   0.00
                           U   0.00   0.00

 189  GLSV 12356M001    1  N   0.00   0.00
                           E   0.00   0.00
                           U   0.00   0.00

 214  HERS 13212M007    1  N   0.00   0.00
                           E   0.00   0.00
                           U   0.00   0.00

 229  IDI0 12667M001    1  N   0.00   0.00
                           E   0.00   0.00
                           U   0.00   0.00

 267  KLOK 12632M001    1  N   0.00   0.00
                           E   0.00   0.00
                           U   0.00   0.00

 289  LARM 12610M002    1  N   0.00   0.00
                           E   0.00   0.00
                           U   0.00   0.00

 367  NOA1 12620M001    1  N   0.00   0.00
                           E   0.00   0.00
                           U   0.00   0.00

 405  PENC 11206M006    1  N   0.00   0.00
                           E   0.00   0.00
                           U   0.00   0.00

 413  POLV 12336M001    1  N   0.00   0.00
                           E   0.00   0.00
                           U   0.00   0.00

 415  PONT 12626M001    1  N   0.00   0.00
                           E   0.00   0.00
                           U   0.00   0.00

 424  PRKV 12636M001    1  N   0.00   0.00
                           E   0.00   0.00
                           U   0.00   0.00

 429  PTKG 12664M001    1  N   0.00   0.00
                           E   0.00   0.00
                           U   0.00   0.00

 434  PYLO 12637M001    1  N   0.00   0.00
                           E   0.00   0.00
                           U   0.00   0.00

 453  RLSO 12629M001    1  N   0.00   0.00
                           E   0.00   0.00
                           U   0.00   0.00

 483  SPAN 12628M001    1  N   0.00   0.00
                           E   0.00   0.00
                           U   0.00   0.00

 538  TRO1 10302M006    1  N   0.00   0.00
                           E   0.00   0.00
                           U   0.00   0.00

 541  TUC2 12617M003    1  N   0.00   0.00
                           E   0.00   0.00
                           U   0.00   0.00

 581  VLSM 12625M001    1  N   0.00   0.00
                           E   0.00   0.00
                           U   0.00   0.00

 609  ZIMM 14001M004    1  N   0.00   0.00
                           E   0.00   0.00
                           U   0.00   0.00

 -----------------------------------------------------------------------------------------------------------------------------------
1

 -----------------------------------------------------------------------------------------------------------------------------------
 RMS OF UNIT WEIGHT FOR COORDINATE COMPARISON : 0.00000
 -----------------------------------------------------------------------------------------------------------------------------------




 -----------------------------------------------------------------------------------------------------------------------------------
 MEAN VALUES OF GEOCENTRIC X,Y,Z - COORDINATES
 RMS1: RMS OF UNWEIGHTED AVERAGE OF EACH COORDINATE COMPONENT
 RMS2: FORMAL ACCURACY OF EACH COORDINATE COMPONENT FROM COMBINED SOLUTION USING EQUAL WEIGHTS
 -----------------------------------------------------------------------------------------------------------------------------------

 NUM  STATION         #FIL FLG         X (M)      RMS1   RMS2          Y (M)      RMS1   RMS2        Z (M)     RMS1    RMS2 
 -----------------------------------------------------------------------------------------------------------------------------------

  40  ANIK 12666M001     1  M    4729934.24399 0.00000 0.00000  1938158.24215 0.00000 0.00000  3801984.49604 0.00000 0.00000
  41  ANKR 20805M002     1  M    4121948.39555 0.00000 0.00000  2652187.84820 0.00000 0.00000  4069023.88096 0.00000 0.00000
  42  ANKY 18594M001     1  M    4752742.59487 0.00000 0.00000  2046958.05494 0.00000 0.00000  3716342.57314 0.00000 0.00000
  54  ATAL 12630M001     1  M    4591113.80895 0.00000 0.00000  1948751.30479 0.00000 0.00000  3962396.63471 0.00000 0.00000
  58  AUT1 12619M002     1  M    4466283.17079 0.00000 0.00000  1896167.22207 0.00000 0.00000  4126096.85876 0.00000 0.00000
  79  BOR1 12205M002     1  M    3738358.17749 0.00000 0.00000  1148173.96094 0.00000 0.00000  5021815.90825 0.00000 0.00000
 161  DUTH 12621M001     1  M    4362689.49496 0.00000 0.00000  2026648.41848 0.00000 0.00000  4174234.41994 0.00000 0.00000
 164  EGIO 12658M001     1  M    4647361.47657 0.00000 0.00000  1884782.33590 0.00000 0.00000  3927705.45751 0.00000 0.00000
 189  GLSV 12356M001     1  M    3512888.63762 0.00000 0.00000  2068980.11142 0.00000 0.00000  4888903.34016 0.00000 0.00000
 214  HERS 13212M007     1  M    4033469.87723 0.00000 0.00000    23673.15939 0.00000 0.00000  4924301.46756 0.00000 0.00000
 229  IDI0 12667M001     1  M    4728461.15446 0.00000 0.00000  2193915.69168 0.00000 0.00000  3664532.17393 0.00000 0.00000
 267  KLOK 12632M001     1  M    4564746.92620 0.00000 0.00000  1845610.95998 0.00000 0.00000  4040935.14719 0.00000 0.00000
 289  LARM 12610M002     1  M    4549396.87908 0.00000 0.00000  1874003.57119 0.00000 0.00000  4045167.75193 0.00000 0.00000
 367  NOA1 12620M001     1  M    4599641.98674 0.00000 0.00000  2034827.47512 0.00000 0.00000  3909890.50940 0.00000 0.00000
 405  PENC 11206M006     1  M    4052449.18673 0.00000 0.00000  1417681.40474 0.00000 0.00000  4701407.27095 0.00000 0.00000
 413  POLV 12336M001     1  M    3411557.01011 0.00000 0.00000  2348464.18643 0.00000 0.00000  4834397.00735 0.00000 0.00000
 415  PONT 12626M001     1  M    4671272.80670 0.00000 0.00000  1754437.13488 0.00000 0.00000  3959389.12207 0.00000 0.00000
 424  PRKV 12636M001     1  M    4435581.27933 0.00000 0.00000  2188830.53912 0.00000 0.00000  4013585.94399 0.00000 0.00000
 429  PTKG 12664M001     1  M    4747739.78588 0.00000 0.00000  1965562.83291 0.00000 0.00000  3766013.03813 0.00000 0.00000
 434  PYLO 12637M001     1  M    4744074.19702 0.00000 0.00000  1887446.29225 0.00000 0.00000  3809805.54571 0.00000 0.00000
 453  RLSO 12629M001     1  M    4679939.00365 0.00000 0.00000  1840151.27116 0.00000 0.00000  3910407.62424 0.00000 0.00000
 483  SPAN 12628M001     1  M    4658312.19955 0.00000 0.00000  1757780.81497 0.00000 0.00000  3973702.56998 0.00000 0.00000
 538  TRO1 10302M006     1  M    2102928.19920 0.00000 0.00000   721619.61193 0.00000 0.00000  5958196.38166 0.00000 0.00000
 541  TUC2 12617M003     1  M    4744543.82637 0.00000 0.00000  2119412.05821 0.00000 0.00000  3686258.68222 0.00000 0.00000
 581  VLSM 12625M001     1  M    4699991.53819 0.00000 0.00000  1765547.84650 0.00000 0.00000  3921162.21481 0.00000 0.00000
 609  ZIMM 14001M004     1  M    4331296.83751 0.00000 0.00000   567556.16923 0.00000 0.00000  4633134.12291 0.00000 0.00000

 -----------------------------------------------------------------------------------------------------------------------------------


-----------------------------------------------------------------
>>> CPU/Real time for pgm "COMPAR": 0:00:00.008 / 0:00:00.008
>>> Program finished successfully

