
 ===================================================================================================================================
 Bernese GNSS Software, Version 5.2
 -----------------------------------------------------------------------------------------------------------------------------------
 Program        : ADDNEQ2
 Purpose        : Combine normal equation systems
 -----------------------------------------------------------------------------------------------------------------------------------
 Campaign       : ${P}/GREECE
 Default session: 0630 year 2021
 Date           : 08-Mar-2021 15:49:46
 User name      : bpe
 ===================================================================================================================================


 RNX2SNX_210630: Free Network Solution coordinate/troposphere results
 -----------------------------------------------------------------------------------------------------------------------------------


 INPUT AND OUTPUT FILENAMES
 --------------------------

 -----------------------------------------------------------------------------------------------------------------------------------
 General constants               : ${X}/GEN/CONST.
 Geodetic datum                  : ${X}/GEN/DATUM.
 Satellite problems              : ${X}/GEN/SAT_2021.CRX
 Satellite information           : ${X}/GEN/SATELLIT.I14
 Phase center variations         : ${X}/GEN/PCV_EPN.I14
 Receiver information            : ${X}/GEN/RECEIVER.
 Nutation model                  : ${X}/GEN/IAU2000R06.NUT
 Subdaily pole model             : ${X}/GEN/IERS2010XY.SUB
 Earth rotation parameters       :  ---
 GNSS satellite clocks           :  ---
 Clock RINEX file                :  ---
 Differential code biases        :  ---
 Inter-system biases             :  ---
 Station information             : ${P}/GREECE/STA/EPN.STA
 Station coordinates             : ${P}/GREECE/STA/APR210630.CRD
 Station velocities              :  ---
 Troposphere estimates           :  ---
 Ionosphere master file          :  ---
 Variance rescaling factors      :  ---
 SLR biases, CoM                 :  ---
 Geocenter coordinates           :  ---
 Var-covar w.r.t. coord.         :  ---
 Full var-covar matrix           :  ---
 Parameter estimates             :  ---
 SINEX general input file        : ${X}/GEN/SINEX.NTUADDP
 IONEX control file              : ${X}/GEN/IONEX.
 Resulting normal equations      : ${P}/GREECE/SOL/DSN210630.NQ0
 SINEX                           : ${P}/GREECE/SOL/DSN210630.SNX
 Station coordinate results      :  ---
 Station velocity results        :  ---
 Troposphere estimates           :  ---
 Troposphere estimates (SINEX)   :  ---
 Ionosphere models               :  ---
 IONEX                           :  ---
 Code bias results               :  ---
 Inter-system biases (output)    :  ---
 SLR biases, CoM (output)        :  ---
 Orbital elements                :  ---
 Bernese ERP file                :  ---
 IERS ERP file                   :  ---
 Geocenter coordinates           :  ---
 All parameter residuals         :  ---
 Variance rescaling factors      :  ---
 Antenna model results           :  ---
 Satellite clock file            :  ---
 clock RINEX file                :  ---
 Parameter estimate results      :  ---
 Weekly summary file             :  ---
 Station residuals               :  ---
 Program output                  : ${P}/GREECE/OUT/DSN210630.OUT
 Error message                   : ${U}/WORK/ERROR.MSG
 Scratch file                    : ${U}/WORK/ADDNEQ2.SCR
 Session table                   : ${P}/GREECE/STA/SESSIONS.SES
 -----------------------------------------------------------------------------------------------------------------------------------


 INPUT NORMAL EQUATION FILES
 ---------------------------

 -----------------------------------------------------------------------------------------------------------------------------------
 File  Name                             
 -----------------------------------------------------------------------------------------------------------------------------------
    1  ${P}/GREECE/SOL/DSO0630001.NQ0   
 -----------------------------------------------------------------------------------------------------------------------------------


 Main characteristics of normal equation files:
 ---------------------------------------------

 File  From                 To                   Number of observations / parameters / degree of freedom
 -----------------------------------------------------------------------------------------------------------------------------------
    1  2021-03-04 00:00:00  2021-03-05 00:00:00                 119303         2072       117231


 Number of parameters:
 --------------------

 Parameter type                                1
 -----------------------------------------------------------------------------------------------------------------------------------
 Station coordinates                          78
 Site-specific troposphere parameters        754
 -----------------------------------------------------------------------------------------------------------------------------------
 Total number of explicit parameters         832
 Total number of implicit parameters        1240
 -----------------------------------------------------------------------------------------------------------------------------------
 Total number of adjusted parameters        2072



 A PRIORI INFORMATION
 --------------------

 Number of parameters in combined NEQ less than:     6000

 A priori sigma of unit weight:                    0.0010 m


 Station coordinates and velocities:
 ----------------------------------

 Local geodetic datum:                      ${X}/GEN/DATUM.
 
 Datum name         Ell. param./ Scale      Shifts to WGS-84       Rotations to WGS-84
 -----------------------------------------------------------------------------------------------------------------------------------
 IGS14              A  =  6378137.000 m     DX =      0.0000 m     RX =     0.00000 arcsec
                    1/F=  298.2572221       DY =      0.0000 m     RY =     0.00000 arcsec
                    SC =  0.00000D+00       DZ =      0.0000 m     RZ =     0.00000 arcsec


 A priori station coordinates:              ${P}/GREECE/STA/APR210630.CRD

                                            A priori station coordinates                 A priori station coordinates
                                                      IGS14                          Ellipsoidal in local geodetic datum
------------------------------------------------------------------------------------------------------------------------------------
 num  Station name     obs e/f/h        X (m)           Y (m)           Z (m)        Latitude       Longitude    Height (m)
------------------------------------------------------------------------------------------------------------------------------------
   1  ANIK 12666M001    Y  ESTIM   4729934.24724   1938158.24406   3801984.49618     36.8260208     22.2820675     47.75303
   2  ANKR 20805M002    Y  ESTIM   4121948.39664   2652187.85380   4069023.88153     39.8873728     32.7584702    976.00388
   3  ANKY 18594M001    Y  ESTIM   4752742.59963   2046958.05616   3716342.57387     35.8669631     23.3010547    176.22475
   4  ATAL 12630M001    Y  ESTIM   4591113.81260   1948751.30515   3962396.63559     38.6530576     22.9993562    135.22580
   5  AUT1 12619M002    Y  ESTIM   4466283.17274   1896167.22656   4126096.85817     40.5668196     23.0037228    150.06172
   6  BOR1 12205M002    Y  ESTIM   3738358.17128   1148173.96139   5021815.90810     52.2769589     17.0734612    124.35042
   7  DUTH 12621M001    Y  ESTIM   4362689.49835   2026648.42178   4174234.41945     41.1402128     24.9168036    109.23324
   8  EGIO 12658M001    Y  ESTIM   4647361.48140   1884782.34103   3927705.46069     38.2546300     22.0754897     45.49923
   9  GLSV 12356M001    Y  ESTIM   3512888.64964   2068980.11388   4888903.32968     50.3641845     30.4967373    226.31984
  10  HERS 13212M007    Y  ESTIM   4033469.88657     23673.15670   4924301.47015     50.8673162      0.3362753     76.47096
  11  IDI0 12667M001    Y  ESTIM   4728461.15701   2193915.69290   3664532.17346     35.2888086     24.8903999    804.82993
  12  KLOK 12632M001    Y  ESTIM   4564746.92952   1845610.96063   4040935.14804     39.5647362     22.0143874    138.55960
  13  LARM 12610M002    Y  ESTIM   4549396.88144   1874003.57634   4045167.75438     39.6141091     22.3879148    151.31892
  14  NOA1 12620M001    Y  ESTIM   4599641.98994   2034827.48133   3909890.51211     38.0470623     23.8640345    537.84054
  15  PENC 11206M006    Y  ESTIM   4052449.18305   1417681.40225   4701407.26424     47.7896053     19.2815335    291.72502
  16  POLV 12336M001    Y  ESTIM   3411557.00542   2348464.18498   4834397.00053     49.6026157     34.5429354    178.34149
  17  PONT 12626M001    Y  ESTIM   4671272.81575   1754437.13457   3959389.12478     38.6189963     20.5851794     48.81532
  18  PRKV 12636M001    Y  ESTIM   4435581.28210   2188830.54376   4013585.94389     39.2457024     26.2650010    169.62288
  19  PTKG 12664M001    Y  ESTIM   4747739.79162   1965562.83418   3766013.03968     36.4212591     22.4895401    178.38963
  20  PYLO 12637M001    Y  ESTIM   4744074.20190   1887446.29485   3809805.54744     36.9141724     21.6953068     39.26566
  21  RLSO 12629M001    Y  ESTIM   4679939.00922   1840151.27354   3910407.62646     38.0558336     21.4647442    132.91189
  22  SPAN 12628M001    Y  ESTIM   4658312.20973   1757780.82505   3973702.57486     38.7813000     20.6736405    451.35539
  23  TRO1 10302M006    Y  ESTIM   2102928.19874    721619.61543   5958196.38521     69.6627204     18.9396528    138.13298
  24  TUC2 12617M003    Y  ESTIM   4744543.81793   2119412.05370   3686258.67418     35.5331888     24.0705604    160.88068
  25  VLSM 12625M001    Y  ESTIM   4699991.54404   1765547.84766   3921162.21642     38.1768273     20.5886465    437.20738
  26  ZIMM 14001M004    Y  ESTIM   4331296.83953    567556.16941   4633134.12374     46.8770999      7.4652810    956.34381


 Site-specific troposphere parameters:        used in NEQ-files:     1 to     1
 ------------------------------------

 A priori troposphere model:                  VMF, dry part only
 Meteo/Trop.delay values:                     Extrapolated

 Mapping function used for delay estimation:  Wet VMF
 Troposphere gradient estimation:             Chen/Herring


 Component                      A priori sigma  Unit
 -----------------------------------------------------------------------------------------------------------------------------------
 U     absolute                     0.00000     m
 N     absolute                     0.00000     m
 E     absolute                     0.00000     m
 U     relative                     5.00000     m
 N     relative                     5.00000     m
 E     relative                     5.00000     m





 SUMMARY OF RESULTS
 ------------------

 Number of parameters:
 --------------------

 Parameter type                               Adjusted   explicitly / implicitly (pre-eliminated)        Deleted     Singular
 -----------------------------------------------------------------------------------------------------------------------------------
 Station coordinates / velocities                  78           78            0                               0            0
 Site-specific troposphere parameters             718            0          718  (before stacking)            0           36
 -----------------------------------------------------------------------------------------------------------------------------------
 Previously pre-eliminated parameters            1240                      1240
 -----------------------------------------------------------------------------------------------------------------------------------
 Total number                                    2036           78         1958                               0           36


 Statistics:                           
 ----------                            

 Total number of authentic observations      119303
 Total number of pseudo-observations            640

 Total number of explicit parameters             78
 Total number of implicit parameters           1958

 Total number of observations                119943
 Total number of adjusted parameters           2036
 Degree of freedom (DOF)                     117907

 A posteriori RMS of unit weight            0.00114 m
 Chi**2/DOF                                    1.30

 Total number of observation files               25
 Total number of stations                        26
 Total number of satellites                       0




 Station coordinates and velocities:
 ----------------------------------

 Sol Station name         Typ Correction  Estimated value  RMS error   A priori value Unit    From                To                 
 ------------------------------------------------------------------------------------------------------------------------------------
   1 ANIK 12666M001         X    0.03090    4729934.27814    0.00669    4729934.24724 meters  2021-03-04 00:00:00 2021-03-04 23:59:30
   1 ANIK 12666M001         Y    0.02341    1938158.26747    0.00429    1938158.24406 meters  2021-03-04 00:00:00 2021-03-04 23:59:30
   1 ANIK 12666M001         Z    0.05327    3801984.54945    0.00847    3801984.49618 meters  2021-03-04 00:00:00 2021-03-04 23:59:30
   1 ANKR 20805M002         X    0.03477    4121948.43141    0.00672    4121948.39664 meters  2021-03-04 00:00:00 2021-03-04 23:59:30
   1 ANKR 20805M002         Y    0.01738    2652187.87118    0.00423    2652187.85380 meters  2021-03-04 00:00:00 2021-03-04 23:59:30
   1 ANKR 20805M002         Z    0.05210    4069023.93363    0.00835    4069023.88153 meters  2021-03-04 00:00:00 2021-03-04 23:59:30
   1 ANKY 18594M001         X    0.02924    4752742.62887    0.00667    4752742.59963 meters  2021-03-04 00:00:00 2021-03-04 23:59:30
   1 ANKY 18594M001         Y    0.02378    2046958.07994    0.00428    2046958.05616 meters  2021-03-04 00:00:00 2021-03-04 23:59:30
   1 ANKY 18594M001         Z    0.05282    3716342.62669    0.00848    3716342.57387 meters  2021-03-04 00:00:00 2021-03-04 23:59:30
   1 ATAL 12630M001         X    0.03102    4591113.84362    0.00671    4591113.81260 meters  2021-03-04 00:00:00 2021-03-04 23:59:30
   1 ATAL 12630M001         Y    0.02498    1948751.33013    0.00429    1948751.30515 meters  2021-03-04 00:00:00 2021-03-04 23:59:30
   1 ATAL 12630M001         Z    0.05222    3962396.68781    0.00845    3962396.63559 meters  2021-03-04 00:00:00 2021-03-04 23:59:30
   1 AUT1 12619M002         X    0.03366    4466283.20640    0.00672    4466283.17274 meters  2021-03-04 00:00:00 2021-03-04 23:59:30
   1 AUT1 12619M002         Y    0.02119    1896167.24775    0.00429    1896167.22656 meters  2021-03-04 00:00:00 2021-03-04 23:59:30
   1 AUT1 12619M002         Z    0.05374    4126096.91191    0.00844    4126096.85817 meters  2021-03-04 00:00:00 2021-03-04 23:59:30
   1 BOR1 12205M002         X    0.04450    3738358.21578    0.00699    3738358.17128 meters  2021-03-04 00:00:00 2021-03-04 23:59:30
   1 BOR1 12205M002         Y    0.02765    1148173.98904    0.00441    1148173.96139 meters  2021-03-04 00:00:00 2021-03-04 23:59:30
   1 BOR1 12205M002         Z    0.05155    5021815.95965    0.00831    5021815.90810 meters  2021-03-04 00:00:00 2021-03-04 23:59:30
   1 DUTH 12621M001         X    0.03256    4362689.53091    0.00673    4362689.49835 meters  2021-03-04 00:00:00 2021-03-04 23:59:30
   1 DUTH 12621M001         Y    0.02206    2026648.44384    0.00427    2026648.42178 meters  2021-03-04 00:00:00 2021-03-04 23:59:30
   1 DUTH 12621M001         Z    0.05367    4174234.47312    0.00844    4174234.41945 meters  2021-03-04 00:00:00 2021-03-04 23:59:30
   1 EGIO 12658M001         X    0.02964    4647361.51104    0.00671    4647361.48140 meters  2021-03-04 00:00:00 2021-03-04 23:59:30
   1 EGIO 12658M001         Y    0.02035    1884782.36138    0.00429    1884782.34103 meters  2021-03-04 00:00:00 2021-03-04 23:59:30
   1 EGIO 12658M001         Z    0.04997    3927705.51066    0.00846    3927705.46069 meters  2021-03-04 00:00:00 2021-03-04 23:59:30
   1 GLSV 12356M001         X    0.02664    3512888.67628    0.00693    3512888.64964 meters  2021-03-04 00:00:00 2021-03-04 23:59:30
   1 GLSV 12356M001         Y    0.02299    2068980.13687    0.00427    2068980.11388 meters  2021-03-04 00:00:00 2021-03-04 23:59:30
   1 GLSV 12356M001         Z    0.06216    4888903.39184    0.00829    4888903.32968 meters  2021-03-04 00:00:00 2021-03-04 23:59:30
   1 HERS 13212M007         X    0.02572    4033469.91229    0.00677    4033469.88657 meters  2021-03-04 00:00:00 2021-03-04 23:59:30
   1 HERS 13212M007         Y    0.03330      23673.19000    0.00459      23673.15670 meters  2021-03-04 00:00:00 2021-03-04 23:59:30
   1 HERS 13212M007         Z    0.04686    4924301.51701    0.00819    4924301.47015 meters  2021-03-04 00:00:00 2021-03-04 23:59:30
   1 IDI0 12667M001         X    0.03154    4728461.18855    0.00668    4728461.15701 meters  2021-03-04 00:00:00 2021-03-04 23:59:30
   1 IDI0 12667M001         Y    0.02344    2193915.71634    0.00427    2193915.69290 meters  2021-03-04 00:00:00 2021-03-04 23:59:30
   1 IDI0 12667M001         Z    0.05419    3664532.22765    0.00849    3664532.17346 meters  2021-03-04 00:00:00 2021-03-04 23:59:30
   1 KLOK 12632M001         X    0.03127    4564746.96079    0.00732    4564746.92952 meters  2021-03-04 00:00:00 2021-03-04 23:59:30
   1 KLOK 12632M001         Y    0.02482    1845610.98545    0.00459    1845610.96063 meters  2021-03-04 00:00:00 2021-03-04 23:59:30
   1 KLOK 12632M001         Z    0.05193    4040935.19997    0.00872    4040935.14804 meters  2021-03-04 00:00:00 2021-03-04 23:59:30
   1 LARM 12610M002         X    0.03246    4549396.91390    0.00682    4549396.88144 meters  2021-03-04 00:00:00 2021-03-04 23:59:30
   1 LARM 12610M002         Y    0.02039    1874003.59673    0.00434    1874003.57634 meters  2021-03-04 00:00:00 2021-03-04 23:59:30
   1 LARM 12610M002         Z    0.05041    4045167.80479    0.00849    4045167.75438 meters  2021-03-04 00:00:00 2021-03-04 23:59:30
   1 NOA1 12620M001         X    0.03143    4599642.02137    0.00674    4599641.98994 meters  2021-03-04 00:00:00 2021-03-04 23:59:30
   1 NOA1 12620M001         Y    0.01890    2034827.50023    0.00430    2034827.48133 meters  2021-03-04 00:00:00 2021-03-04 23:59:30
   1 NOA1 12620M001         Z    0.05051    3909890.56262    0.00847    3909890.51211 meters  2021-03-04 00:00:00 2021-03-04 23:59:30
   1 PENC 11206M006         X    0.04058    4052449.22363    0.00686    4052449.18305 meters  2021-03-04 00:00:00 2021-03-04 23:59:30
   1 PENC 11206M006         Y    0.02956    1417681.43181    0.00435    1417681.40225 meters  2021-03-04 00:00:00 2021-03-04 23:59:30
   1 PENC 11206M006         Z    0.05848    4701407.32272    0.00834    4701407.26424 meters  2021-03-04 00:00:00 2021-03-04 23:59:30
   1 POLV 12336M001         X    0.04348    3411557.04890    0.00690    3411557.00542 meters  2021-03-04 00:00:00 2021-03-04 23:59:30
   1 POLV 12336M001         Y    0.02620    2348464.21118    0.00425    2348464.18498 meters  2021-03-04 00:00:00 2021-03-04 23:59:30
   1 POLV 12336M001         Z    0.05848    4834397.05901    0.00824    4834397.00053 meters  2021-03-04 00:00:00 2021-03-04 23:59:30
   1 PONT 12626M001         X    0.02531    4671272.84106    0.00681    4671272.81575 meters  2021-03-04 00:00:00 2021-03-04 23:59:30
   1 PONT 12626M001         Y    0.02617    1754437.16074    0.00435    1754437.13457 meters  2021-03-04 00:00:00 2021-03-04 23:59:30
   1 PONT 12626M001         Z    0.05042    3959389.17520    0.00850    3959389.12478 meters  2021-03-04 00:00:00 2021-03-04 23:59:30
   1 PRKV 12636M001         X    0.03281    4435581.31491    0.00669    4435581.28210 meters  2021-03-04 00:00:00 2021-03-04 23:59:30
   1 PRKV 12636M001         Y    0.02020    2188830.56396    0.00425    2188830.54376 meters  2021-03-04 00:00:00 2021-03-04 23:59:30
   1 PRKV 12636M001         Z    0.05344    4013585.99733    0.00843    4013585.94389 meters  2021-03-04 00:00:00 2021-03-04 23:59:30
   1 PTKG 12664M001         X    0.02833    4747739.81995    0.00668    4747739.79162 meters  2021-03-04 00:00:00 2021-03-04 23:59:30
   1 PTKG 12664M001         Y    0.02396    1965562.85814    0.00429    1965562.83418 meters  2021-03-04 00:00:00 2021-03-04 23:59:30
   1 PTKG 12664M001         Z    0.05192    3766013.09160    0.00848    3766013.03968 meters  2021-03-04 00:00:00 2021-03-04 23:59:30
   1 PYLO 12637M001         X    0.02920    4744074.23110    0.00669    4744074.20190 meters  2021-03-04 00:00:00 2021-03-04 23:59:30
   1 PYLO 12637M001         Y    0.02283    1887446.31768    0.00429    1887446.29485 meters  2021-03-04 00:00:00 2021-03-04 23:59:30
   1 PYLO 12637M001         Z    0.05163    3809805.59907    0.00847    3809805.54744 meters  2021-03-04 00:00:00 2021-03-04 23:59:30
   1 RLSO 12629M001         X    0.02885    4679939.03807    0.00671    4679939.00922 meters  2021-03-04 00:00:00 2021-03-04 23:59:30
   1 RLSO 12629M001         Y    0.02324    1840151.29678    0.00430    1840151.27354 meters  2021-03-04 00:00:00 2021-03-04 23:59:30
   1 RLSO 12629M001         Z    0.05106    3910407.67752    0.00847    3910407.62646 meters  2021-03-04 00:00:00 2021-03-04 23:59:30
   1 SPAN 12628M001         X    0.02422    4658312.23395    0.00682    4658312.20973 meters  2021-03-04 00:00:00 2021-03-04 23:59:30
   1 SPAN 12628M001         Y    0.01578    1757780.84083    0.00436    1757780.82505 meters  2021-03-04 00:00:00 2021-03-04 23:59:30
   1 SPAN 12628M001         Z    0.04820    3973702.62306    0.00850    3973702.57486 meters  2021-03-04 00:00:00 2021-03-04 23:59:30
   1 TRO1 10302M006         X    0.04241    2102928.24115    0.00736    2102928.19874 meters  2021-03-04 00:00:00 2021-03-04 23:59:30
   1 TRO1 10302M006         Y    0.02544     721619.64087    0.00445     721619.61543 meters  2021-03-04 00:00:00 2021-03-04 23:59:30
   1 TRO1 10302M006         Z    0.04349    5958196.42870    0.00794    5958196.38521 meters  2021-03-04 00:00:00 2021-03-04 23:59:30
   1 TUC2 12617M003         X    0.04243    4744543.86036    0.00667    4744543.81793 meters  2021-03-04 00:00:00 2021-03-04 23:59:30
   1 TUC2 12617M003         Y    0.02933    2119412.08303    0.00427    2119412.05370 meters  2021-03-04 00:00:00 2021-03-04 23:59:30
   1 TUC2 12617M003         Z    0.06164    3686258.73582    0.00848    3686258.67418 meters  2021-03-04 00:00:00 2021-03-04 23:59:30
   1 VLSM 12625M001         X    0.02839    4699991.57243    0.00671    4699991.54404 meters  2021-03-04 00:00:00 2021-03-04 23:59:30
   1 VLSM 12625M001         Y    0.02461    1765547.87227    0.00431    1765547.84766 meters  2021-03-04 00:00:00 2021-03-04 23:59:30
   1 VLSM 12625M001         Z    0.05154    3921162.26796    0.00847    3921162.21642 meters  2021-03-04 00:00:00 2021-03-04 23:59:30
   1 ZIMM 14001M004         X    0.03367    4331296.87320    0.00678    4331296.83953 meters  2021-03-04 00:00:00 2021-03-04 23:59:30
   1 ZIMM 14001M004         Y    0.02924     567556.19865    0.00450     567556.16941 meters  2021-03-04 00:00:00 2021-03-04 23:59:30
   1 ZIMM 14001M004         Z    0.05067    4633134.17441    0.00835    4633134.12374 meters  2021-03-04 00:00:00 2021-03-04 23:59:30


 Station coordinates and velocities:
 ----------------------------------
 Reference epoch: 2021-03-04 12:00:00

 Station name          Typ   A priori value  Estimated value    Correction     RMS error      3-D ellipsoid        2-D ellipse
 ------------------------------------------------------------------------------------------------------------------------------------
 ANIK 12666M001        X      4729934.24724    4729934.27814       0.03090       0.00669
                       Y      1938158.24406    1938158.26747       0.02341       0.00429
                       Z      3801984.49618    3801984.54945       0.05327       0.00847

                       U           47.75303         47.81495       0.06192       0.00956     0.00991   17.3
                       N         36.8260208       36.8260210       0.02022       0.00533     0.00386   98.5     0.00388   91.9
                       E         22.2820675       22.2820676       0.00993       0.00389     0.00468    4.1     0.00534

 ANKR 20805M002        X      4121948.39664    4121948.43141       0.03477       0.00672
                       Y      2652187.85380    2652187.87118       0.01738       0.00423
                       Z      4069023.88153    4069023.93363       0.05210       0.00835

                       U          976.00388        976.06694       0.06306       0.00946     0.00982   17.2
                       N         39.8873728       39.8873730       0.01522       0.00507     0.00388  103.1     0.00415   79.1
                       E         32.7584702       32.7584701      -0.00419       0.00419     0.00463   12.4     0.00510

 ANKY 18594M001        X      4752742.59963    4752742.62887       0.02924       0.00667
                       Y      2046958.05616    2046958.07994       0.02378       0.00428
                       Z      3716342.57387    3716342.62669       0.05282       0.00848

                       U          176.22475        176.28509       0.06034       0.00949     0.00990   18.6
                       N         35.8669631       35.8669632       0.02161       0.00542     0.00386   98.7     0.00390   90.5
                       E         23.3010547       23.3010548       0.01025       0.00390     0.00468    5.1     0.00542

 ATAL 12630M001        X      4591113.81260    4591113.84362       0.03102       0.00671
                       Y      1948751.30515    1948751.33013       0.02498       0.00429
                       Z      3962396.63559    3962396.68781       0.05222       0.00845

                       U          135.22580        135.28834       0.06254       0.00964     0.00992   15.2
                       N         38.6530576       38.6530577       0.01688       0.00517     0.00385   99.1     0.00389   92.0
                       E         22.9993562       22.9993563       0.01085       0.00389     0.00466    4.4     0.00517

 AUT1 12619M002        X      4466283.17274    4466283.20640       0.03366       0.00672
                       Y      1896167.22656    1896167.24775       0.02119       0.00429
                       Z      4126096.85817    4126096.91191       0.05374       0.00844

                       U          150.06172        150.12649       0.06477       0.00973     0.00994   13.0
                       N         40.5668196       40.5668197       0.01530       0.00501     0.00382   98.3     0.00385   92.5
                       E         23.0037228       23.0037229       0.00633       0.00386     0.00462    3.7     0.00501

 BOR1 12205M002        X      3738358.17128    3738358.21578       0.04450       0.00699
                       Y      1148173.96139    1148173.98904       0.02765       0.00441
                       Z      5021815.90810    5021815.95965       0.05155       0.00831

                       U          124.35042        124.42218       0.07177       0.01003     0.01005    3.3
                       N         52.2769589       52.2769588      -0.00851       0.00466     0.00380   95.0     0.00383   94.1
                       E         17.0734612       17.0734614       0.01331       0.00384     0.00466    1.3     0.00466

 DUTH 12621M001        X      4362689.49835    4362689.53091       0.03256       0.00673
                       Y      2026648.42178    2026648.44384       0.02206       0.00427
                       Z      4174234.41945    4174234.47312       0.05367       0.00844

                       U          109.23324        109.29779       0.06455       0.00974     0.00994   12.8
                       N         41.1402128       41.1402130       0.01488       0.00498     0.00383   99.3     0.00389   90.9
                       E         24.9168036       24.9168037       0.00627       0.00389     0.00462    5.2     0.00498

 EGIO 12658M001        X      4647361.48140    4647361.51104       0.02964       0.00671
                       Y      1884782.34103    1884782.36138       0.02035       0.00429
                       Z      3927705.46069    3927705.51066       0.04997       0.00846

                       U           45.49923         45.55775       0.05852       0.00964     0.00992   15.6
                       N         38.2546300       38.2546302       0.01753       0.00521     0.00385   98.7     0.00387   92.7
                       E         22.0754897       22.0754898       0.00770       0.00388     0.00466    3.7     0.00521

 GLSV 12356M001        X      3512888.64964    3512888.67628       0.02664       0.00693
                       Y      2068980.11388    2068980.13687       0.02299       0.00427
                       Z      4888903.32968    4888903.39184       0.06216       0.00829

                       U          226.31984        226.38979       0.06996       0.00986     0.00994    7.5
                       N         50.3641845       50.3641846       0.01297       0.00460     0.00382  104.5     0.00400  105.0
                       E         30.4967373       30.4967374       0.00627       0.00405     0.00463    0.3     0.00463

 HERS 13212M007        X      4033469.88657    4033469.91229       0.02572       0.00677
                       Y        23673.15670      23673.19000       0.03330       0.00459
                       Z      4924301.47015    4924301.51701       0.04686       0.00819

                       U           76.47096         76.52366       0.05270       0.00956     0.00987   15.5
                       N         50.8673162       50.8673163       0.00946       0.00465     0.00386   84.3     0.00454  108.6
                       E          0.3362753        0.3362758       0.03302       0.00455     0.00464   -1.2     0.00466

 IDI0 12667M001        X      4728461.15701    4728461.18855       0.03154       0.00668
                       Y      2193915.69290    2193915.71634       0.02344       0.00427
                       Z      3664532.17346    3664532.22765       0.05419       0.00849

                       U          804.82993        804.89264       0.06271       0.00946     0.00990   19.5
                       N         35.2888086       35.2888088       0.02205       0.00548     0.00387   99.0     0.00393   88.5
                       E         24.8903999       24.8904000       0.00797       0.00393     0.00469    6.6     0.00548

 KLOK 12632M001        X      4564746.92952    4564746.96079       0.03127       0.00732
                       Y      1845610.96063    1845610.98545       0.02482       0.00459
                       Z      4040935.14804    4040935.19997       0.05193       0.00872

                       U          138.55960        138.62219       0.06259       0.01041     0.01057   11.0
                       N         39.5647362       39.5647363       0.01566       0.00515     0.00395   95.0     0.00396   92.7
                       E         22.0143874       22.0143875       0.01126       0.00396     0.00483    1.5     0.00515

 LARM 12610M002        X      4549396.88144    4549396.91390       0.03246       0.00682
                       Y      1874003.57634    1874003.59673       0.02039       0.00434
                       Z      4045167.75438    4045167.80479       0.05041       0.00849

                       U          151.31892        151.38016       0.06124       0.00980     0.01002   13.6
                       N         39.6141091       39.6141092       0.01476       0.00510     0.00388   99.4     0.00391   93.3
                       E         22.3879148       22.3879149       0.00647       0.00392     0.00468    3.7     0.00510

 NOA1 12620M001        X      4599641.98994    4599642.02137       0.03143       0.00674
                       Y      2034827.48133    2034827.50023       0.01890       0.00430
                       Z      3909890.51211    3909890.56262       0.05051       0.00847

                       U          537.84054        537.90032       0.05979       0.00965     0.00995   15.9
                       N         38.0470623       38.0470625       0.01738       0.00523     0.00386   99.0     0.00391   90.8
                       E         23.8640345       23.8640346       0.00456       0.00391     0.00468    5.1     0.00523

 PENC 11206M006        X      4052449.18305    4052449.22363       0.04058       0.00686
                       Y      1417681.40225    1417681.43181       0.02956       0.00435
                       Z      4701407.26424    4701407.32272       0.05848       0.00834

                       U          291.72502        291.80063       0.07561       0.00994     0.00996    4.2
                       N         47.7896053       47.7896053       0.00369       0.00467     0.00380   97.0     0.00381   97.4
                       E         19.2815335       19.2815337       0.01445       0.00382     0.00464    0.6     0.00468

 POLV 12336M001        X      3411557.00542    3411557.04890       0.04348       0.00690
                       Y      2348464.18498    2348464.21118       0.02620       0.00425
                       Z      4834397.00053    4834397.05901       0.05848       0.00824

                       U          178.34149        178.41887       0.07738       0.00972     0.00986   10.6
                       N         49.6026157       49.6026157      -0.00069       0.00459     0.00384  107.5     0.00418  108.0
                       E         34.5429354       34.5429354      -0.00306       0.00423     0.00463    0.2     0.00463

 PONT 12626M001        X      4671272.81575    4671272.84106       0.02531       0.00681
                       Y      1754437.13457    1754437.16074       0.02617       0.00435
                       Z      3959389.12478    3959389.17520       0.05042       0.00850

                       U           48.81532         48.87250       0.05717       0.00978     0.01003   14.6
                       N         38.6189963       38.6189965       0.01889       0.00519     0.00386   97.3     0.00387   94.4
                       E         20.5851794       20.5851796       0.01556       0.00388     0.00471    1.9     0.00520

 PRKV 12636M001        X      4435581.28210    4435581.31491       0.03281       0.00669
                       Y      2188830.54376    2188830.56396       0.02020       0.00425
                       Z      4013585.94389    4013585.99733       0.05344       0.00843

                       U          169.62288        169.68640       0.06352       0.00962     0.00990   15.3
                       N         39.2457024       39.2457026       0.01714       0.00511     0.00383   99.6     0.00392   88.3
                       E         26.2650010       26.2650011       0.00359       0.00392     0.00462    6.7     0.00511

 PTKG 12664M001        X      4747739.79162    4747739.81995       0.02833       0.00668
                       Y      1965562.83418    1965562.85814       0.02396       0.00429
                       Z      3766013.03968    3766013.09160       0.05192       0.00848

                       U          178.38963        178.44890       0.05927       0.00954     0.00991   17.9
                       N         36.4212591       36.4212592       0.02084       0.00537     0.00386   98.5     0.00389   91.5
                       E         22.4895401       22.4895402       0.01127       0.00389     0.00468    4.4     0.00537

 PYLO 12637M001        X      4744074.20190    4744074.23110       0.02920       0.00669
                       Y      1887446.29485    1887446.31768       0.02283       0.00429
                       Z      3809805.54744    3809805.59907       0.05163       0.00847

                       U           39.26566         39.32511       0.05945       0.00957     0.00991   17.2
                       N         36.9141724       36.9141726       0.01995       0.00533     0.00385   98.3     0.00388   92.6
                       E         21.6953068       21.6953069       0.01040       0.00388     0.00468    3.6     0.00533

 RLSO 12629M001        X      4679939.00922    4679939.03807       0.02885       0.00671
                       Y      1840151.27354    1840151.29678       0.02324       0.00430
                       Z      3910407.62646    3910407.67752       0.05106       0.00847

                       U          132.91189        132.97120       0.05932       0.00964     0.00993   15.8
                       N         38.0558336       38.0558338       0.01844       0.00523     0.00385   98.4     0.00387   93.3
                       E         21.4647442       21.4647444       0.01104       0.00387     0.00467    3.2     0.00523

 SPAN 12628M001        X      4658312.20973    4658312.23395       0.02422       0.00682
                       Y      1757780.82505    1757780.84083       0.01578       0.00436
                       Z      3973702.57486    3973702.62306       0.04820       0.00850

                       U          451.35539        451.40759       0.05220       0.00980     0.01004   14.3
                       N         38.7813000       38.7813002       0.01992       0.00518     0.00386   97.2     0.00387   94.3
                       E         20.6736405       20.6736406       0.00620       0.00388     0.00471    1.8     0.00519

 TRO1 10302M006        X      2102928.19874    2102928.24115       0.04241       0.00736
                       Y       721619.61543     721619.64087       0.02544       0.00445
                       Z      5958196.38521    5958196.42870       0.04349       0.00794

                       U          138.13298        138.19057       0.05759       0.00935     0.00997   23.2
                       N         69.6627204       69.6627201      -0.03008       0.00589     0.00376   94.0     0.00378   89.5
                       E         18.9396528       18.9396531       0.01023       0.00378     0.00478   -3.4     0.00589

 TUC2 12617M003        X      4744543.81793    4744543.86036       0.04243       0.00667
                       Y      2119412.05370    2119412.08303       0.02933       0.00427
                       Z      3686258.67418    3686258.73582       0.06164       0.00848

                       U          160.88068        160.95776       0.07709       0.00947     0.00989   19.1
                       N         35.5331888       35.5331890       0.02073       0.00545     0.00386   98.8     0.00391   89.5
                       E         24.0705604       24.0705605       0.00945       0.00391     0.00468    5.9     0.00545

 VLSM 12625M001        X      4699991.54404    4699991.57243       0.02839       0.00671
                       Y      1765547.84766    1765547.87227       0.02461       0.00431
                       Z      3921162.21642    3921162.26796       0.05154       0.00847

                       U          437.20738        437.26694       0.05955       0.00965     0.00994   15.6
                       N         38.1768273       38.1768275       0.01877       0.00522     0.00385   98.1     0.00386   94.2
                       E         20.5886465       20.5886467       0.01302       0.00387     0.00467    2.4     0.00523

 ZIMM 14001M004        X      4331296.83953    4331296.87320       0.03367       0.00678
                       Y       567556.16941     567556.19865       0.02924       0.00450
                       Z      4633134.12374    4633134.17441       0.05067       0.00835

                       U          956.34381        956.40621       0.06240       0.00981     0.00998   11.8
                       N         46.8770999       46.8771000       0.00749       0.00473     0.00383   89.3     0.00411  105.2
                       E          7.4652810        7.4652813       0.02453       0.00416     0.00464   -6.0     0.00477



-----------------------------------------------------------------
>>> CPU/Real time for pgm "ADDNEQ2": 0:00:00.595 / 0:00:00.594
>>> Program finished successfully

