
 ===================================================================================================================================
 Bernese GNSS Software, Version 5.2
 -----------------------------------------------------------------------------------------------------------------------------------
 Program        : ADDNEQ2
 Purpose        : Combine normal equation systems
 -----------------------------------------------------------------------------------------------------------------------------------
 Campaign       : ${P}/GREECE
 Default session: 0630 year 2021
 Date           : 08-Mar-2021 15:49:44
 User name      : bpe
 ===================================================================================================================================


 RNX2SNX_210630: NEQ reduction and SINEX generation
 -----------------------------------------------------------------------------------------------------------------------------------


 INPUT AND OUTPUT FILENAMES
 --------------------------

 -----------------------------------------------------------------------------------------------------------------------------------
 General constants               : ${X}/GEN/CONST.
 Geodetic datum                  : ${X}/GEN/DATUM.
 Satellite problems              : ${X}/GEN/SAT_2021.CRX
 Satellite information           : ${X}/GEN/SATELLIT.I14
 Phase center variations         : ${X}/GEN/PHAS_COD.I14
 Receiver information            : ${X}/GEN/RECEIVER.
 Nutation model                  : ${X}/GEN/IAU2000R06.NUT
 Subdaily pole model             : ${X}/GEN/IERS2010XY.SUB
 Earth rotation parameters       :  ---
 GNSS satellite clocks           :  ---
 Clock RINEX file                :  ---
 Differential code biases        :  ---
 Inter-system biases             :  ---
 Station information             : ${P}/GREECE/STA/EPN.STA
 Station coordinates             : ${P}/GREECE/STA/APR210630.CRD
 Station velocities              :  ---
 Troposphere estimates           :  ---
 Ionosphere master file          :  ---
 Variance rescaling factors      :  ---
 SLR biases, CoM                 :  ---
 Geocenter coordinates           :  ---
 Var-covar w.r.t. coord.         :  ---
 Full var-covar matrix           :  ---
 Parameter estimates             :  ---
 SINEX general input file        : ${X}/GEN/SINEX.NTUADDP
 IONEX control file              : ${X}/GEN/IONEX.
 Resulting normal equations      : ${P}/GREECE/SOL/DSR210630.NQ0
 SINEX                           : ${P}/GREECE/SOL/DSO210630.SNX
 Station coordinate results      :  ---
 Station velocity results        :  ---
 Troposphere estimates           :  ---
 Troposphere estimates (SINEX)   :  ---
 Ionosphere models               :  ---
 IONEX                           :  ---
 Code bias results               :  ---
 Inter-system biases (output)    :  ---
 SLR biases, CoM (output)        :  ---
 Orbital elements                :  ---
 Bernese ERP file                :  ---
 IERS ERP file                   :  ---
 Geocenter coordinates           :  ---
 All parameter residuals         :  ---
 Variance rescaling factors      :  ---
 Antenna model results           :  ---
 Satellite clock file            :  ---
 clock RINEX file                :  ---
 Parameter estimate results      :  ---
 Weekly summary file             :  ---
 Station residuals               :  ---
 Program output                  : ${P}/GREECE/OUT/DSR210630.OUT
 Error message                   : ${U}/WORK/ERROR.MSG
 Scratch file                    : ${U}/WORK/ADDNEQ2.SCR
 Session table                   : ${P}/GREECE/STA/SESSIONS.SES
 -----------------------------------------------------------------------------------------------------------------------------------


 INPUT NORMAL EQUATION FILES
 ---------------------------

 -----------------------------------------------------------------------------------------------------------------------------------
 File  Name                             
 -----------------------------------------------------------------------------------------------------------------------------------
    1  ${P}/GREECE/SOL/DSO210630.NQ0    
 -----------------------------------------------------------------------------------------------------------------------------------


 Main characteristics of normal equation files:
 ---------------------------------------------

 File  From                 To                   Number of observations / parameters / degree of freedom
 -----------------------------------------------------------------------------------------------------------------------------------
    1  2021-03-04 00:00:00  2021-03-05 00:00:00                 119303         2036       117267


 Number of parameters:
 --------------------

 Parameter type                                1
 -----------------------------------------------------------------------------------------------------------------------------------
 Station coordinates                          78
 Site-specific troposphere parameters        718
 -----------------------------------------------------------------------------------------------------------------------------------
 Total number of explicit parameters         796
 Total number of implicit parameters        1240
 -----------------------------------------------------------------------------------------------------------------------------------
 Total number of adjusted parameters        2036



 A PRIORI INFORMATION
 --------------------

 Number of parameters in combined NEQ less than:     2000

 A priori sigma of unit weight:                    0.0010 m


 Station coordinates and velocities:
 ----------------------------------

 Local geodetic datum:                      ${X}/GEN/DATUM.
 
 Datum name         Ell. param./ Scale      Shifts to WGS-84       Rotations to WGS-84
 -----------------------------------------------------------------------------------------------------------------------------------
 IGS14              A  =  6378137.000 m     DX =      0.0000 m     RX =     0.00000 arcsec
                    1/F=  298.2572221       DY =      0.0000 m     RY =     0.00000 arcsec
                    SC =  0.00000D+00       DZ =      0.0000 m     RZ =     0.00000 arcsec


 A priori station coordinates:              ${P}/GREECE/STA/APR210630.CRD

                                            A priori station coordinates                 A priori station coordinates
                                                      IGS14                          Ellipsoidal in local geodetic datum
------------------------------------------------------------------------------------------------------------------------------------
 num  Station name     obs e/f/h        X (m)           Y (m)           Z (m)        Latitude       Longitude    Height (m)
------------------------------------------------------------------------------------------------------------------------------------
   1  ANIK 12666M001    Y  ESTIM   4729934.24724   1938158.24406   3801984.49618     36.8260208     22.2820675     47.75303
   2  ANKR 20805M002    Y  ESTIM   4121948.39664   2652187.85380   4069023.88153     39.8873728     32.7584702    976.00388
   3  ANKY 18594M001    Y  ESTIM   4752742.59963   2046958.05616   3716342.57387     35.8669631     23.3010547    176.22475
   4  ATAL 12630M001    Y  ESTIM   4591113.81260   1948751.30515   3962396.63559     38.6530576     22.9993562    135.22580
   5  AUT1 12619M002    Y  ESTIM   4466283.17274   1896167.22656   4126096.85817     40.5668196     23.0037228    150.06172
   6  BOR1 12205M002    Y  HELMR   3738358.17128   1148173.96139   5021815.90810     52.2769589     17.0734612    124.35042
   7  DUTH 12621M001    Y  ESTIM   4362689.49835   2026648.42178   4174234.41945     41.1402128     24.9168036    109.23324
   8  EGIO 12658M001    Y  ESTIM   4647361.48140   1884782.34103   3927705.46069     38.2546300     22.0754897     45.49923
   9  GLSV 12356M001    Y  HELMR   3512888.64964   2068980.11388   4888903.32968     50.3641845     30.4967373    226.31984
  10  HERS 13212M007    Y  HELMR   4033469.88657     23673.15670   4924301.47015     50.8673162      0.3362753     76.47096
  11  IDI0 12667M001    Y  ESTIM   4728461.15701   2193915.69290   3664532.17346     35.2888086     24.8903999    804.82993
  12  KLOK 12632M001    Y  ESTIM   4564746.92952   1845610.96063   4040935.14804     39.5647362     22.0143874    138.55960
  13  LARM 12610M002    Y  ESTIM   4549396.88144   1874003.57634   4045167.75438     39.6141091     22.3879148    151.31892
  14  NOA1 12620M001    Y  ESTIM   4599641.98994   2034827.48133   3909890.51211     38.0470623     23.8640345    537.84054
  15  PENC 11206M006    Y  ESTIM   4052449.18305   1417681.40225   4701407.26424     47.7896053     19.2815335    291.72502
  16  POLV 12336M001    Y  HELMR   3411557.00542   2348464.18498   4834397.00053     49.6026157     34.5429354    178.34149
  17  PONT 12626M001    Y  ESTIM   4671272.81575   1754437.13457   3959389.12478     38.6189963     20.5851794     48.81532
  18  PRKV 12636M001    Y  ESTIM   4435581.28210   2188830.54376   4013585.94389     39.2457024     26.2650010    169.62288
  19  PTKG 12664M001    Y  ESTIM   4747739.79162   1965562.83418   3766013.03968     36.4212591     22.4895401    178.38963
  20  PYLO 12637M001    Y  ESTIM   4744074.20190   1887446.29485   3809805.54744     36.9141724     21.6953068     39.26566
  21  RLSO 12629M001    Y  ESTIM   4679939.00922   1840151.27354   3910407.62646     38.0558336     21.4647442    132.91189
  22  SPAN 12628M001    Y  ESTIM   4658312.20973   1757780.82505   3973702.57486     38.7813000     20.6736405    451.35539
  23  TRO1 10302M006    Y  HELMR   2102928.19874    721619.61543   5958196.38521     69.6627204     18.9396528    138.13298
  24  TUC2 12617M003    Y  ESTIM   4744543.81793   2119412.05370   3686258.67418     35.5331888     24.0705604    160.88068
  25  VLSM 12625M001    Y  ESTIM   4699991.54404   1765547.84766   3921162.21642     38.1768273     20.5886465    437.20738
  26  ZIMM 14001M004    Y  HELMR   4331296.83953    567556.16941   4633134.12374     46.8770999      7.4652810    956.34381


 Network constraints: 

 Component                      A priori sigma  Unit
 -----------------------------------------------------------------------------------------------------------------------------------
 DX    Translation  Coordinates     0.00001     m
 DY    Translation  Coordinates     0.00001     m
 DZ    Translation  Coordinates     0.00001     m


 Site-specific troposphere parameters:        used in NEQ-files:     1 to     1
 ------------------------------------

 A priori troposphere model:                  VMF, dry part only
 Meteo/Trop.delay values:                     Extrapolated

 Mapping function used for delay estimation:  Wet VMF
 Troposphere gradient estimation:             Chen/Herring


 Component                      A priori sigma  Unit
 -----------------------------------------------------------------------------------------------------------------------------------
 U     absolute                     0.00000     m
 N     absolute                     0.00000     m
 E     absolute                     0.00000     m
 U     relative                     0.00000     m
 N     relative                     0.00000     m
 E     relative                     0.00000     m





 SUMMARY OF RESULTS
 ------------------

 Number of parameters:
 --------------------

 Parameter type                               Adjusted   explicitly / implicitly (pre-eliminated)        Deleted     Singular
 -----------------------------------------------------------------------------------------------------------------------------------
 Station coordinates / velocities                  78           78            0                               0            0
 Site-specific troposphere parameters             718            0          718  (before stacking)            0            0
 -----------------------------------------------------------------------------------------------------------------------------------
 Previously pre-eliminated parameters            1240                      1240
 -----------------------------------------------------------------------------------------------------------------------------------
 Total number                                    2036           78         1958                               0            0


 Statistics:                           
 ----------                            

 Total number of authentic observations      119303
 Total number of pseudo-observations              3

 Total number of explicit parameters             78
 Total number of implicit parameters           1958

 Total number of observations                119306
 Total number of adjusted parameters           2036
 Degree of freedom (DOF)                     117270

 A posteriori RMS of unit weight            0.00115 m
 Chi**2/DOF                                    1.31

 Total number of observation files               25
 Total number of stations                        26
 Total number of satellites                       0




 Station coordinates and velocities:
 ----------------------------------

 Sol Station name         Typ Correction  Estimated value  RMS error   A priori value Unit    From                To                 
 ------------------------------------------------------------------------------------------------------------------------------------
   1 ANIK 12666M001         X   -0.00108    4729934.24616    0.00121    4729934.24724 meters  2021-03-04 00:00:00 2021-03-04 23:59:30
   1 ANIK 12666M001         Y   -0.00144    1938158.24262    0.00062    1938158.24406 meters  2021-03-04 00:00:00 2021-03-04 23:59:30
   1 ANIK 12666M001         Z   -0.00164    3801984.49454    0.00116    3801984.49618 meters  2021-03-04 00:00:00 2021-03-04 23:59:30
   1 ANKR 20805M002         X    0.00097    4121948.39761    0.00141    4121948.39664 meters  2021-03-04 00:00:00 2021-03-04 23:59:30
   1 ANKR 20805M002         Y   -0.00517    2652187.84863    0.00093    2652187.85380 meters  2021-03-04 00:00:00 2021-03-04 23:59:30
   1 ANKR 20805M002         Z   -0.00216    4069023.87937    0.00133    4069023.88153 meters  2021-03-04 00:00:00 2021-03-04 23:59:30
   1 ANKY 18594M001         X   -0.00258    4752742.59705    0.00119    4752742.59963 meters  2021-03-04 00:00:00 2021-03-04 23:59:30
   1 ANKY 18594M001         Y   -0.00075    2046958.05541    0.00063    2046958.05616 meters  2021-03-04 00:00:00 2021-03-04 23:59:30
   1 ANKY 18594M001         Z   -0.00222    3716342.57165    0.00116    3716342.57387 meters  2021-03-04 00:00:00 2021-03-04 23:59:30
   1 ATAL 12630M001         X   -0.00151    4591113.81109    0.00118    4591113.81260 meters  2021-03-04 00:00:00 2021-03-04 23:59:30
   1 ATAL 12630M001         Y    0.00010    1948751.30525    0.00063    1948751.30515 meters  2021-03-04 00:00:00 2021-03-04 23:59:30
   1 ATAL 12630M001         Z   -0.00240    3962396.63319    0.00118    3962396.63559 meters  2021-03-04 00:00:00 2021-03-04 23:59:30
   1 AUT1 12619M002         X    0.00013    4466283.17287    0.00094    4466283.17274 meters  2021-03-04 00:00:00 2021-03-04 23:59:30
   1 AUT1 12619M002         Y   -0.00404    1896167.22252    0.00051    1896167.22656 meters  2021-03-04 00:00:00 2021-03-04 23:59:30
   1 AUT1 12619M002         Z   -0.00100    4126096.85717    0.00092    4126096.85817 meters  2021-03-04 00:00:00 2021-03-04 23:59:30
   1 BOR1 12205M002         X    0.00825    3738358.17953    0.00049    3738358.17128 meters  2021-03-04 00:00:00 2021-03-04 23:59:30
   1 BOR1 12205M002         Y   -0.00002    1148173.96137    0.00023    1148173.96139 meters  2021-03-04 00:00:00 2021-03-04 23:59:30
   1 BOR1 12205M002         Z   -0.00155    5021815.90655    0.00062    5021815.90810 meters  2021-03-04 00:00:00 2021-03-04 23:59:30
   1 DUTH 12621M001         X   -0.00133    4362689.49702    0.00094    4362689.49835 meters  2021-03-04 00:00:00 2021-03-04 23:59:30
   1 DUTH 12621M001         Y   -0.00286    2026648.41892    0.00052    2026648.42178 meters  2021-03-04 00:00:00 2021-03-04 23:59:30
   1 DUTH 12621M001         Z   -0.00111    4174234.41834    0.00089    4174234.41945 meters  2021-03-04 00:00:00 2021-03-04 23:59:30
   1 EGIO 12658M001         X   -0.00268    4647361.47872    0.00118    4647361.48140 meters  2021-03-04 00:00:00 2021-03-04 23:59:30
   1 EGIO 12658M001         Y   -0.00467    1884782.33636    0.00062    1884782.34103 meters  2021-03-04 00:00:00 2021-03-04 23:59:30
   1 EGIO 12658M001         Z   -0.00470    3927705.45599    0.00118    3927705.46069 meters  2021-03-04 00:00:00 2021-03-04 23:59:30
   1 GLSV 12356M001         X   -0.01007    3512888.63957    0.00050    3512888.64964 meters  2021-03-04 00:00:00 2021-03-04 23:59:30
   1 GLSV 12356M001         Y   -0.00208    2068980.11180    0.00030    2068980.11388 meters  2021-03-04 00:00:00 2021-03-04 23:59:30
   1 GLSV 12356M001         Z    0.00869    4888903.33837    0.00061    4888903.32968 meters  2021-03-04 00:00:00 2021-03-04 23:59:30
   1 HERS 13212M007         X   -0.00730    4033469.87927    0.00080    4033469.88657 meters  2021-03-04 00:00:00 2021-03-04 23:59:30
   1 HERS 13212M007         Y    0.00311      23673.15981    0.00026      23673.15670 meters  2021-03-04 00:00:00 2021-03-04 23:59:30
   1 HERS 13212M007         Z   -0.00427    4924301.46588    0.00091    4924301.47015 meters  2021-03-04 00:00:00 2021-03-04 23:59:30
   1 IDI0 12667M001         X   -0.00036    4728461.15665    0.00124    4728461.15701 meters  2021-03-04 00:00:00 2021-03-04 23:59:30
   1 IDI0 12667M001         Y   -0.00075    2193915.69215    0.00064    2193915.69290 meters  2021-03-04 00:00:00 2021-03-04 23:59:30
   1 IDI0 12667M001         Z   -0.00101    3664532.17245    0.00120    3664532.17346 meters  2021-03-04 00:00:00 2021-03-04 23:59:30
   1 KLOK 12632M001         X   -0.00119    4564746.92833    0.00318    4564746.92952 meters  2021-03-04 00:00:00 2021-03-04 23:59:30
   1 KLOK 12632M001         Y   -0.00020    1845610.96043    0.00176    1845610.96063 meters  2021-03-04 00:00:00 2021-03-04 23:59:30
   1 KLOK 12632M001         Z   -0.00239    4040935.14565    0.00257    4040935.14804 meters  2021-03-04 00:00:00 2021-03-04 23:59:30
   1 LARM 12610M002         X   -0.00024    4549396.88120    0.00164    4549396.88144 meters  2021-03-04 00:00:00 2021-03-04 23:59:30
   1 LARM 12610M002         Y   -0.00470    1874003.57164    0.00090    1874003.57634 meters  2021-03-04 00:00:00 2021-03-04 23:59:30
   1 LARM 12610M002         Z   -0.00399    4045167.75039    0.00153    4045167.75438 meters  2021-03-04 00:00:00 2021-03-04 23:59:30
   1 NOA1 12620M001         X   -0.00105    4599641.98889    0.00138    4599641.98994 meters  2021-03-04 00:00:00 2021-03-04 23:59:30
   1 NOA1 12620M001         Y   -0.00575    2034827.47558    0.00074    2034827.48133 meters  2021-03-04 00:00:00 2021-03-04 23:59:30
   1 NOA1 12620M001         Z   -0.00423    3909890.50788    0.00133    3909890.51211 meters  2021-03-04 00:00:00 2021-03-04 23:59:30
   1 PENC 11206M006         X    0.00573    4052449.18878    0.00070    4052449.18305 meters  2021-03-04 00:00:00 2021-03-04 23:59:30
   1 PENC 11206M006         Y    0.00292    1417681.40517    0.00037    1417681.40225 meters  2021-03-04 00:00:00 2021-03-04 23:59:30
   1 PENC 11206M006         Z    0.00504    4701407.26928    0.00082    4701407.26424 meters  2021-03-04 00:00:00 2021-03-04 23:59:30
   1 POLV 12336M001         X    0.00667    3411557.01209    0.00054    3411557.00542 meters  2021-03-04 00:00:00 2021-03-04 23:59:30
   1 POLV 12336M001         Y    0.00185    2348464.18683    0.00032    2348464.18498 meters  2021-03-04 00:00:00 2021-03-04 23:59:30
   1 POLV 12336M001         Z    0.00507    4834397.00560    0.00067    4834397.00053 meters  2021-03-04 00:00:00 2021-03-04 23:59:30
   1 PONT 12626M001         X   -0.00690    4671272.80885    0.00169    4671272.81575 meters  2021-03-04 00:00:00 2021-03-04 23:59:30
   1 PONT 12626M001         Y    0.00077    1754437.13534    0.00087    1754437.13457 meters  2021-03-04 00:00:00 2021-03-04 23:59:30
   1 PONT 12626M001         Z   -0.00424    3959389.12054    0.00141    3959389.12478 meters  2021-03-04 00:00:00 2021-03-04 23:59:30
   1 PRKV 12636M001         X   -0.00068    4435581.28142    0.00096    4435581.28210 meters  2021-03-04 00:00:00 2021-03-04 23:59:30
   1 PRKV 12636M001         Y   -0.00419    2188830.53957    0.00054    2188830.54376 meters  2021-03-04 00:00:00 2021-03-04 23:59:30
   1 PRKV 12636M001         Z   -0.00147    4013585.94242    0.00093    4013585.94389 meters  2021-03-04 00:00:00 2021-03-04 23:59:30
   1 PTKG 12664M001         X   -0.00356    4747739.78806    0.00118    4747739.79162 meters  2021-03-04 00:00:00 2021-03-04 23:59:30
   1 PTKG 12664M001         Y   -0.00080    1965562.83338    0.00062    1965562.83418 meters  2021-03-04 00:00:00 2021-03-04 23:59:30
   1 PTKG 12664M001         Z   -0.00305    3766013.03663    0.00115    3766013.03968 meters  2021-03-04 00:00:00 2021-03-04 23:59:30
   1 PYLO 12637M001         X   -0.00272    4744074.19918    0.00118    4744074.20190 meters  2021-03-04 00:00:00 2021-03-04 23:59:30
   1 PYLO 12637M001         Y   -0.00213    1887446.29272    0.00062    1887446.29485 meters  2021-03-04 00:00:00 2021-03-04 23:59:30
   1 PYLO 12637M001         Z   -0.00322    3809805.54422    0.00115    3809805.54744 meters  2021-03-04 00:00:00 2021-03-04 23:59:30
   1 RLSO 12629M001         X   -0.00342    4679939.00580    0.00116    4679939.00922 meters  2021-03-04 00:00:00 2021-03-04 23:59:30
   1 RLSO 12629M001         Y   -0.00192    1840151.27162    0.00061    1840151.27354 meters  2021-03-04 00:00:00 2021-03-04 23:59:30
   1 RLSO 12629M001         Z   -0.00374    3910407.62272    0.00113    3910407.62646 meters  2021-03-04 00:00:00 2021-03-04 23:59:30
   1 SPAN 12628M001         X   -0.00803    4658312.20170    0.00172    4658312.20973 meters  2021-03-04 00:00:00 2021-03-04 23:59:30
   1 SPAN 12628M001         Y   -0.00962    1757780.81543    0.00091    1757780.82505 meters  2021-03-04 00:00:00 2021-03-04 23:59:30
   1 SPAN 12628M001         Z   -0.00640    3973702.56846    0.00145    3973702.57486 meters  2021-03-04 00:00:00 2021-03-04 23:59:30
   1 TRO1 10302M006         X    0.00239    2102928.20113    0.00054    2102928.19874 meters  2021-03-04 00:00:00 2021-03-04 23:59:30
   1 TRO1 10302M006         Y   -0.00312     721619.61231    0.00024     721619.61543 meters  2021-03-04 00:00:00 2021-03-04 23:59:30
   1 TRO1 10302M006         Z   -0.00548    5958196.37973    0.00092    5958196.38521 meters  2021-03-04 00:00:00 2021-03-04 23:59:30
   1 TUC2 12617M003         X    0.01062    4744543.82855    0.00120    4744543.81793 meters  2021-03-04 00:00:00 2021-03-04 23:59:30
   1 TUC2 12617M003         Y    0.00498    2119412.05868    0.00063    2119412.05370 meters  2021-03-04 00:00:00 2021-03-04 23:59:30
   1 TUC2 12617M003         Z    0.00656    3686258.68074    0.00117    3686258.67418 meters  2021-03-04 00:00:00 2021-03-04 23:59:30
   1 VLSM 12625M001         X   -0.00371    4699991.54033    0.00130    4699991.54404 meters  2021-03-04 00:00:00 2021-03-04 23:59:30
   1 VLSM 12625M001         Y   -0.00070    1765547.84696    0.00064    1765547.84766 meters  2021-03-04 00:00:00 2021-03-04 23:59:30
   1 VLSM 12625M001         Z   -0.00313    3921162.21329    0.00119    3921162.21642 meters  2021-03-04 00:00:00 2021-03-04 23:59:30
   1 ZIMM 14001M004         X    0.00006    4331296.83959    0.00066    4331296.83953 meters  2021-03-04 00:00:00 2021-03-04 23:59:30
   1 ZIMM 14001M004         Y    0.00025     567556.16966    0.00026     567556.16941 meters  2021-03-04 00:00:00 2021-03-04 23:59:30
   1 ZIMM 14001M004         Z   -0.00246    4633134.12128    0.00074    4633134.12374 meters  2021-03-04 00:00:00 2021-03-04 23:59:30


 Station coordinates and velocities:
 ----------------------------------
 Reference epoch: 2021-03-04 12:00:00

 Station name          Typ   A priori value  Estimated value    Correction     RMS error      3-D ellipsoid        2-D ellipse
 ------------------------------------------------------------------------------------------------------------------------------------
 ANIK 12666M001        X      4729934.24724    4729934.24616      -0.00108       0.00121
                       Y      1938158.24406    1938158.24262      -0.00144       0.00062
                       Z      3801984.49618    3801984.49454      -0.00164       0.00116

                       U           47.75303         47.75081      -0.00222       0.00167     0.00168    4.5
                       N         36.8260208       36.8260208      -0.00039       0.00046     0.00041   79.6     0.00041   82.1
                       E         22.2820675       22.2820675      -0.00092       0.00041     0.00044   -0.5     0.00046

 ANKR 20805M002        X      4121948.39664    4121948.39761       0.00097       0.00141
                       Y      2652187.85380    2652187.84863      -0.00517       0.00093
                       Z      4069023.88153    4069023.87937      -0.00216       0.00133

                       U          976.00388        976.00098      -0.00290       0.00198     0.00198    2.8
                       N         39.8873728       39.8873728      -0.00038       0.00054     0.00054  178.5     0.00054  178.0
                       E         32.7584702       32.7584701      -0.00486       0.00063     0.00062    0.3     0.00063

 ANKY 18594M001        X      4752742.59963    4752742.59705      -0.00258       0.00119
                       Y      2046958.05616    2046958.05541      -0.00075       0.00063
                       Z      3716342.57387    3716342.57165      -0.00222       0.00116

                       U          176.22475        176.22129      -0.00346       0.00167     0.00168    5.9
                       N         35.8669631       35.8669631      -0.00023       0.00047     0.00040   72.3     0.00040   79.3
                       E         23.3010547       23.3010547       0.00033       0.00041     0.00044   -1.5     0.00047

 ATAL 12630M001        X      4591113.81260    4591113.81109      -0.00151       0.00118
                       Y      1948751.30515    1948751.30525       0.00010       0.00063
                       Z      3962396.63559    3962396.63319      -0.00240       0.00118

                       U          135.22580        135.22324      -0.00256       0.00168     0.00168    4.0
                       N         38.6530576       38.6530575      -0.00103       0.00045     0.00040   82.4     0.00040   86.0
                       E         22.9993562       22.9993562       0.00068       0.00040     0.00043    0.7     0.00045

 AUT1 12619M002        X      4466283.17274    4466283.17287       0.00013       0.00094
                       Y      1896167.22656    1896167.22252      -0.00404       0.00051
                       Z      4126096.85817    4126096.85717      -0.00100       0.00092

                       U          150.06172        150.05996      -0.00175       0.00132     0.00132    1.3
                       N         40.5668196       40.5668196       0.00019       0.00038     0.00031   82.7     0.00031   83.1
                       E         23.0037228       23.0037228      -0.00376       0.00031     0.00038   -0.5     0.00038

 BOR1 12205M002        X      3738358.17128    3738358.17953       0.00825       0.00049
                       Y      1148173.96139    1148173.96137      -0.00002       0.00023
                       Z      5021815.90810    5021815.90655      -0.00155       0.00062

                       U          124.35042        124.35401       0.00360       0.00077     0.00077    0.5
                       N         52.2769589       52.2769589      -0.00717       0.00023     0.00018   94.8     0.00018   94.8
                       E         17.0734612       17.0734611      -0.00244       0.00018     0.00023   -0.2     0.00023

 DUTH 12621M001        X      4362689.49835    4362689.49702      -0.00133       0.00094
                       Y      2026648.42178    2026648.41892      -0.00286       0.00052
                       Z      4174234.41945    4174234.41834      -0.00111       0.00089

                       U          109.23324        109.23070      -0.00255       0.00131     0.00131    0.8
                       N         41.1402128       41.1402129       0.00074       0.00038     0.00030   79.9     0.00030   80.0
                       E         24.9168036       24.9168036      -0.00203       0.00031     0.00038   -0.3     0.00038

 EGIO 12658M001        X      4647361.48140    4647361.47872      -0.00268       0.00118
                       Y      1884782.34103    1884782.33636      -0.00467       0.00062
                       Z      3927705.46069    3927705.45599      -0.00470       0.00118

                       U           45.49923         45.49299      -0.00624       0.00168     0.00168    4.4
                       N         38.2546300       38.2546300      -0.00107       0.00045     0.00039   77.0     0.00040   84.7
                       E         22.0754897       22.0754897      -0.00331       0.00040     0.00043    1.8     0.00045

 GLSV 12356M001        X      3512888.64964    3512888.63957      -0.01007       0.00050
                       Y      2068980.11388    2068980.11180      -0.00208       0.00030
                       Z      4888903.32968    4888903.33837       0.00869       0.00061

                       U          226.31984        226.32032       0.00048       0.00079     0.00079    3.5
                       N         50.3641845       50.3641846       0.01302       0.00023     0.00020   73.9     0.00020   75.6
                       E         30.4967373       30.4967374       0.00331       0.00021     0.00023    0.5     0.00023

 HERS 13212M007        X      4033469.88657    4033469.87927      -0.00730       0.00080
                       Y        23673.15670      23673.15981       0.00311       0.00026
                       Z      4924301.47015    4924301.46588      -0.00427       0.00091

                       U           76.47096         76.46305      -0.00791       0.00117     0.00118    5.5
                       N         50.8673162       50.8673162       0.00295       0.00031     0.00024   97.8     0.00026   94.0
                       E          0.3362753        0.3362754       0.00314       0.00026     0.00031    0.8     0.00031

 IDI0 12667M001        X      4728461.15701    4728461.15665      -0.00036       0.00124
                       Y      2193915.69290    2193915.69215      -0.00075       0.00064
                       Z      3664532.17346    3664532.17245      -0.00101       0.00120

                       U          804.82993        804.82881      -0.00111       0.00173     0.00174    6.6
                       N         35.2888086       35.2888086      -0.00045       0.00048     0.00041   73.1     0.00041   73.8
                       E         24.8903999       24.8903999      -0.00053       0.00041     0.00044   -0.2     0.00048

 KLOK 12632M001        X      4564746.92952    4564746.92833      -0.00119       0.00318
                       Y      1845610.96063    1845610.96043      -0.00020       0.00176
                       Z      4040935.14804    4040935.14565      -0.00239       0.00257

                       U          138.55960        138.55717      -0.00243       0.00427     0.00428    5.3
                       N         39.5647362       39.5647362      -0.00109       0.00086     0.00080   16.7     0.00081   31.5
                       E         22.0143874       22.0143874       0.00026       0.00093     0.00090    2.9     0.00097

 LARM 12610M002        X      4549396.88144    4549396.88120      -0.00024       0.00164
                       Y      1874003.57634    1874003.57164      -0.00470       0.00090
                       Z      4045167.75438    4045167.75039      -0.00399       0.00153

                       U          151.31892        151.31482      -0.00410       0.00224     0.00224    1.1
                       N         39.6141091       39.6141091      -0.00180       0.00059     0.00058  166.8     0.00058  166.9
                       E         22.3879148       22.3879148      -0.00424       0.00068     0.00068    0.1     0.00068

 NOA1 12620M001        X      4599641.98994    4599641.98889      -0.00105       0.00138
                       Y      2034827.48133    2034827.47558      -0.00575       0.00074
                       Z      3909890.51211    3909890.50788      -0.00423       0.00133

                       U          537.84054        537.83534      -0.00520       0.00193     0.00193    3.0
                       N         38.0470623       38.0470623      -0.00131       0.00053     0.00047   93.3     0.00047   92.0
                       E         23.8640345       23.8640345      -0.00483       0.00047     0.00052    0.4     0.00053

 PENC 11206M006        X      4052449.18305    4052449.18878       0.00573       0.00070
                       Y      1417681.40225    1417681.40517       0.00292       0.00037
                       Z      4701407.26424    4701407.26928       0.00504       0.00082

                       U          291.72502        291.73304       0.00802       0.00108     0.00108    2.8
                       N         47.7896053       47.7896053      -0.00133       0.00028     0.00024   79.3     0.00024   78.4
                       E         19.2815335       19.2815335       0.00086       0.00024     0.00028    0.4     0.00028

 POLV 12336M001        X      3411557.00542    3411557.01209       0.00667       0.00054
                       Y      2348464.18498    2348464.18683       0.00185       0.00032
                       Z      4834397.00053    4834397.00560       0.00507       0.00067

                       U          178.34149        178.34959       0.00810       0.00086     0.00087    5.7
                       N         49.6026157       49.6026157      -0.00169       0.00023     0.00020   72.5     0.00022   54.8
                       E         34.5429354       34.5429354      -0.00224       0.00022     0.00023   -1.7     0.00023

 PONT 12626M001        X      4671272.81575    4671272.80885      -0.00690       0.00169
                       Y      1754437.13457    1754437.13534       0.00077       0.00087
                       Z      3959389.12478    3959389.12054      -0.00424       0.00141

                       U           48.81532         48.80784      -0.00748       0.00225     0.00226    3.0
                       N         38.6189963       38.6189963       0.00055       0.00051     0.00048   57.0     0.00048   52.0
                       E         20.5851794       20.5851795       0.00314       0.00050     0.00052   -1.0     0.00053

 PRKV 12636M001        X      4435581.28210    4435581.28142      -0.00068       0.00096
                       Y      2188830.54376    2188830.53957      -0.00419       0.00054
                       Z      4013585.94389    4013585.94242      -0.00147       0.00093

                       U          169.62288        169.62005      -0.00284       0.00135     0.00135    1.5
                       N         39.2457024       39.2457024       0.00042       0.00039     0.00031   76.1     0.00031   75.9
                       E         26.2650010       26.2650010      -0.00345       0.00032     0.00040    0.4     0.00040

 PTKG 12664M001        X      4747739.79162    4747739.78806      -0.00356       0.00118
                       Y      1965562.83418    1965562.83338      -0.00080       0.00062
                       Z      3766013.03968    3766013.03663      -0.00305       0.00115

                       U          178.38963        178.38492      -0.00471       0.00165     0.00166    5.2
                       N         36.4212591       36.4212591      -0.00031       0.00046     0.00040   74.3     0.00040   81.7
                       E         22.4895401       22.4895401       0.00062       0.00040     0.00044    1.6     0.00046

 PYLO 12637M001        X      4744074.20190    4744074.19918      -0.00272       0.00118
                       Y      1887446.29485    1887446.29272      -0.00213       0.00062
                       Z      3809805.54744    3809805.54422      -0.00322       0.00115

                       U           39.26566         39.26107      -0.00458       0.00165     0.00166    5.0
                       N         36.9141724       36.9141724      -0.00059       0.00045     0.00040   69.5     0.00040   81.1
                       E         21.6953068       21.6953068      -0.00097       0.00040     0.00043    2.5     0.00045

 RLSO 12629M001        X      4679939.00922    4679939.00580      -0.00342       0.00116
                       Y      1840151.27354    1840151.27162      -0.00192       0.00061
                       Z      3910407.62646    3910407.62272      -0.00374       0.00113

                       U          132.91189        132.90652      -0.00537       0.00163     0.00164    3.7
                       N         38.0558336       38.0558336      -0.00055       0.00044     0.00039   70.2     0.00040   78.5
                       E         21.4647442       21.4647442      -0.00053       0.00040     0.00043    2.2     0.00044

 SPAN 12628M001        X      4658312.20973    4658312.20170      -0.00803       0.00172
                       Y      1757780.82505    1757780.81543      -0.00962       0.00091
                       Z      3973702.57486    3973702.56846      -0.00640       0.00145

                       U          451.35539        451.34287      -0.01251       0.00231     0.00231    3.5
                       N         38.7813000       38.7813000       0.00184       0.00053     0.00049   58.0     0.00050   51.6
                       E         20.6736405       20.6736405      -0.00615       0.00052     0.00054   -1.5     0.00056

 TRO1 10302M006        X      2102928.19874    2102928.20113       0.00239       0.00054
                       Y       721619.61543     721619.61231      -0.00312       0.00024
                       Z      5958196.38521    5958196.37973      -0.00548       0.00092

                       U          138.13298        138.12828      -0.00470       0.00103     0.00104    8.2
                       N         69.6627204       69.6627203      -0.00306       0.00034     0.00018   91.0     0.00018   92.2
                       E         18.9396528       18.9396527      -0.00370       0.00018     0.00031   -0.7     0.00034

 TUC2 12617M003        X      4744543.81793    4744543.82855       0.01062       0.00120
                       Y      2119412.05370    2119412.05868       0.00498       0.00063
                       Z      3686258.67418    3686258.68074       0.00656       0.00117

                       U          160.88068        160.89404       0.01336       0.00168     0.00169    6.3
                       N         35.5331888       35.5331888      -0.00149       0.00047     0.00040   72.9     0.00040   76.8
                       E         24.0705604       24.0705604       0.00022       0.00041     0.00044   -0.8     0.00047

 VLSM 12625M001        X      4699991.54404    4699991.54033      -0.00371       0.00130
                       Y      1765547.84766    1765547.84696      -0.00070       0.00064
                       Z      3921162.21642    3921162.21329      -0.00313       0.00119

                       U          437.20738        437.20252      -0.00486       0.00176     0.00176    2.0
                       N         38.1768273       38.1768273      -0.00016       0.00045     0.00043   89.0     0.00043   91.1
                       E         20.5886465       20.5886465       0.00064       0.00043     0.00044    0.4     0.00045

 ZIMM 14001M004        X      4331296.83953    4331296.83959       0.00006       0.00066
                       Y       567556.16941     567556.16966       0.00025       0.00026
                       Z      4633134.12374    4633134.12128      -0.00246       0.00074

                       U          956.34381        956.34208      -0.00173       0.00095     0.00095    3.4
                       N         46.8770999       46.8770999      -0.00174       0.00030     0.00023   97.1     0.00023   99.4
                       E          7.4652810        7.4652810       0.00024       0.00023     0.00030   -2.0     0.00030



-----------------------------------------------------------------
>>> CPU/Real time for pgm "ADDNEQ2": 0:00:00.559 / 0:00:00.559
>>> Program finished successfully

