
 ===============================================================================
 Bernese GNSS Software, Version 5.2
 -------------------------------------------------------------------------------
 Program        : HELMR1
 Purpose        : Helmert Transformation
 -------------------------------------------------------------------------------
 Campaign       : ${P}/GREECE
 Default session: 0630 year 2021
 Date           : 08-Mar-2021 15:49:43
 User name      : bpe
 ===============================================================================


 RNX2SNX_210630: Verification of fiducial stations
 -------------------------------------------------------------------------------


 FILE 1: APR210630.CRD: NTUA_DDP_210630: Extrapolate coordinates                
 FILE 2: DSO210630.CRD: RNX2SNX_210630: Final coordinate/troposphere results    

 LOCAL GEODETIC DATUM: IGS14           
 RESIDUALS IN LOCAL SYSTEM (NORTH, EAST, UP)



 ---------------------------------------------------------------------
 | NUM |      NAME        | FLG |     RESIDUALS IN MILLIMETERS   |   |
 ---------------------------------------------------------------------
 |     |                  |     |                                |   |
 |  40 | ANIK 12666M001   | P A |      -2.88      0.99      2.23 | M |
 |  41 | ANKR 20805M002   | P A |      -1.72      5.12      1.93 | M |
 |  42 | ANKY 18594M001   | P A |      -3.57     -0.07      3.45 | M |
 |  54 | ATAL 12630M001   | P A |      -2.43     -0.61      2.82 | M |
 |  58 | AUT1 12619M002   | P A |      -2.84      3.82      1.30 | M |
 |  79 | BOR1 12205M002   | I W |       4.69      2.07     -3.54 |   |
 | 161 | DUTH 12621M001   | P A |      -3.65      2.29      2.01 | M |
 | 164 | EGIO 12658M001   | P A |      -3.04      3.68      6.08 | M |
 | 189 | GLSV 12356M001   | I A |     -16.06     -0.79     -1.40 | M |
 | 214 | HERS 13212M007   | I W |      -5.25     -5.05      6.94 |   |
 | 229 | IDI0 12667M001   | P A |      -2.54      0.51      1.24 | M |
 | 267 | KLOK 12632M001   | P A |      -2.25     -0.25      2.65 | M |
 | 289 | LARM 12610M002   | P A |      -1.53      4.35      4.11 | M |
 | 367 | NOA1 12620M001   | P A |      -2.27      5.15      4.95 | M |
 | 405 | PENC 11206M006   | I A |      -0.48     -1.43     -7.90 | M |
 | 413 | POLV 12336M001   | I W |       0.02     -0.16     -8.40 |   |
 | 415 | PONT 12626M001   | P A |      -5.46     -2.68      7.23 | M |
 | 424 | PRKV 12636M001   | P A |      -3.23      3.75      2.18 | M |
 | 429 | PTKG 12664M001   | P A |      -3.88     -0.28      4.68 | M |
 | 434 | PYLO 12637M001   | P A |      -3.38      1.22      4.54 | M |
 | 453 | RLSO 12629M001   | P A |      -3.59      0.83      5.30 | M |
 | 483 | SPAN 12628M001   | P A |      -7.31      7.05     11.23 | M |
 | 538 | TRO1 10302M006   | I W |       1.68      3.50      3.17 |   |
 | 541 | TUC2 12617M003   | I A |       2.91     -2.13    -11.97 | M |
 | 581 | VLSM 12625M001   | P A |      -3.90     -0.42      4.77 | M |
 | 609 | ZIMM 14001M004   | I W |      -1.14     -0.36      1.84 |   |
 |     |                  |     |                                |   |
 ---------------------------------------------------------------------
 |     | RMS / COMPONENT  |     |       3.66      3.25      6.01 |   |
 |     | MEAN             |     |       0.00     -0.00     -0.00 |   |
 |     | MIN              |     |      -5.25     -5.05     -8.40 |   |
 |     | MAX              |     |       4.69      3.50      6.94 |   |
 ---------------------------------------------------------------------


 NUMBER OF PARAMETERS  :     3
 NUMBER OF COORDINATES :    15
 RMS OF TRANSFORMATION :    4.48 MM 

 BARYCENTER COORDINATES:

 LATITUDE              :    54 26 23.02
 LONGITUDE             :    15 16  9.47
 HEIGHT                :        -111.852 KM


 PARAMETERS:

 TRANSLATION IN  N     :           0.00     +-  2.00    MM 
 TRANSLATION IN  E     :          -0.00     +-  2.00    MM 
 TRANSLATION IN  U     :          -0.00     +-  2.00    MM 


 NUMBER OF ITERATIONS  :     1



-----------------------------------------------------------------
>>> CPU/Real time for pgm "HELMR1": 0:00:00.005 / 0:00:00.005
>>> Program finished successfully

