
 ===================================================================================================================================
 Bernese GNSS Software, Version 5.2
 -----------------------------------------------------------------------------------------------------------------------------------
 Program        : GPSEST
 Purpose        : Parameter estimation
 -----------------------------------------------------------------------------------------------------------------------------------
 Campaign       : ${P}/GREECE
 Default session: 0630 year 2021
 Date           : 08-Mar-2021 15:48:43
 User name      : bpe
 ===================================================================================================================================


 RNX2SNX_210630_PYRL: QIF ambiguity resolution
 -----------------------------------------------------------------------------------------------------------------------------------




1GREECE                                                                                            PROGRAM GPSEST    08-MAR-21 15:48
 RNX2SNX_210630_PYRL: QIF ambiguity resolution                                                     BERNESE GNSS SOFTWARE VERSION 5.2
 -----------------------------------------------------------------------------------------------------------------------------------


 TABLE OF CONTENTS
 -----------------
 
  1. CAMPAIGNS
  2. OBSERVATION FILES
  3. GENERAL OPTIONS
  4. STATIONS
  5. SATELLITE ORBITS
  6. ATMOSPHERE
  7. CLOCK PARAMETERS
  8. POLE COORDINATES AND TIME INFORMATION
  9. ANTENNA PHASE CENTERS
 10. CONSTANTS
 11. PARAMETER CHARACTERIZATION LIST
 12. TEST OUTPUT
 13. RESULTS (PART 1)
 14. RESULTS (PART 2)



1GREECE                                                                                            PROGRAM GPSEST    08-MAR-21 15:48
 RNX2SNX_210630_PYRL: QIF ambiguity resolution                                                     BERNESE GNSS SOFTWARE VERSION 5.2
 -----------------------------------------------------------------------------------------------------------------------------------


 INPUT AND OUTPUT FILENAMES
 --------------------------

 -----------------------------------------------------------------------------------------------------------------------------------
 General constants               : ${X}/GEN/CONST.
 Geodetic datum                  : ${X}/GEN/DATUM.
 Difference GPS-UTC              : ${X}/GEN/GPSUTC.
 Earth potential coefficients    : ${X}/GEN/EGM2008_SMALL.
 Satellite problems              : ${X}/GEN/SAT_2021.CRX
 Satellite information           : ${X}/GEN/SATELLIT.I14
 Phase center eccentricities     : ${X}/GEN/PCV_EPN.I14
 Receiver antenna orientation    :  ---
 Receiver information            : ${X}/GEN/RECEIVER.
 Frequency information           :  ---
 Nutation model                  : ${X}/GEN/IAU2000R06.NUT
 Subdaily pole model             : ${X}/GEN/IERS2010XY.SUB
 Earth rotation parameters       : ${P}/GREECE/ORB/COD210630.ERP
 Satellite standard orbits       : ${P}/GREECE/ORB/COD210630.STD
 Satellite orbit partials        :  ---
 Satellite clock corrections     :  ---
 Input clock RINEX file          :  ---
 Differential code biases        :  ---
 Inter-system biases             :  ---
 Station information             :  ---
 A priori station coordinates    : ${P}/GREECE/STA/DSP210630.CRD
 Station eccentricities          :  ---
 Ocean tidal loading tables      : ${P}/GREECE/STA/NTUA.BLQ
 Atmospheric tidal loading tables:  ---
 Observation sigma factors       :  ---
 Troposphere estimates           : ${P}/GREECE/ATM/DSP210630.TRP
 Ionosphere models               : ${P}/GREECE/ATM/COD21474.ION
 SINEX general input file        : ${X}/GEN/SINEX.
 IONEX control file              : ${X}/GEN/IONEX.
 Kinematic coordinates           :  ---
 Standard orbit(s)               :  ---
 Orbit partials                  :  ---
 Attitude data                   :  ---
 Precise orbit(s)                :  ---
 Kinematic velocities            :  ---
 Range biases                    :  ---
 Normal equations                :  ---
 Station coordinates             :  ---
 GNSS orbital elements           :  ---
 Bernese ERP file                :  ---
 IERS ERP file                   :  ---
 Troposphere estimates           :  ---
 Troposphere SINEX               :  ---
 Ionosphere models               :  ---
 IONEX                           :  ---
 Differential code biases        :  ---
 Inter-system biases             :  ---
 Phase center variations (grid)  :  ---
 Phase center variations (harm)  :  ---
 GNSS clock corrections          :  ---
 Clock RINEX                     :  ---
 Kinematic coordinates           :  ---
 Full covariance matrix          :  ---
 Coordinate covariance matrix    :  ---
 LEO orbital elements            :  ---
 Range biases                    :  ---
 Residuals                       :  ---
 Program output                  : ${P}/GREECE/OUT/PYRL0630_Q.OUT
 Error message                   : ${U}/WORK/ERROR.MSG
 Scratch file                    : ${U}/WORK/GPSEST.SCR
 Scratch files                   : ${U}/WORK/GPSEST.SC1
 Session table                   : ${P}/GREECE/STA/SESSIONS.SES
 -----------------------------------------------------------------------------------------------------------------------------------




1GREECE                                                                                            PROGRAM GPSEST    08-MAR-21 15:48
 RNX2SNX_210630_PYRL: QIF ambiguity resolution                                                     BERNESE GNSS SOFTWARE VERSION 5.2
 -----------------------------------------------------------------------------------------------------------------------------------


 1. CAMPAIGNS
 ------------
 
 CAMPAIGN NAME      NUM STATION NAME       NUM STATION NAME       NUM STATION NAME       NUM STATION NAME       NUM STATION NAME
 -----------------------------------------------------------------------------------------------------------------------------------

 GREECE          :  434 PYLO 12637M001     453 RLSO 12629M001  

 
 2. OBSERVATION FILES
 --------------------

 -----------------------------------------------------------------------------------------------------------------------------------
 GREECE          
 -----------------------------------------------------------------------------------------------------------------------------------

 MAIN CHARACTERISTICS:
 --------------------
 
 FILE  OBSERVATION FILE HEADER          OBSERVATION FILE                  SESS     RECEIVER 1            RECEIVER 2
 -----------------------------------------------------------------------------------------------------------------------------------

    1  ${P}/GREECE/OBS/PYRL0630.PSH     ${P}/GREECE/OBS/PYRL0630.PSO      0630     LEICA GR10            LEICA GMX902GG      
 
                                                                                                       AMB.I.+S.      #CLUSTERS
 FILE TYP FREQ.  STATION 1        STATION 2        SESS  FIRST OBSERV.TIME  #EPO  DT #EF #CLK ARC #SAT  W 12    #AMB  L1  L2  L5  RM
 -----------------------------------------------------------------------------------------------------------------------------------

    1  P  L1,L2  PYLO 12637M001   RLSO 12629M001   0630  21-03-04  0:00:00  2880  30   0  E E  1   51   N  Y  Y  128  62  62  49   0
 
 
 SATELLITES:
 ----------
 
 FILE  #SAT  SATELLITES
 -----------------------------------------------------------------------------------------------------------------------------------

    1   51     1   2   3   4   5   6   7   8   9  10  12  13  14  15  16  17  18  19  20  21  22  23  24  25  26  27  28  29  30  31
              32 101 102 103 104 105 107 108 109 112 113 114 115 116 117 118 119 120 121 122 124
 
 
 OBSERVATION SELECTION:
 ---------------------

 SAMPLING RATE FOR OBSERVATIONS                :   30 SEC
 SAMPLING RATE TO RESUBSTITUTE EPOCH PARAMETERS:    0 SEC
 SAMPLING RATE TO PREELIMINATE EPOCH PARAMETERS:    0 SEC
 ELEVATION CUT-OFF ANGLE                       :    3 DEG (STATIONS)     0 DEG (LEOS)
 SATELLITE SYSTEM                              :  ALL    
 SPECIAL DATA SELECTION                        :  NO


1GREECE                                                                                            PROGRAM GPSEST    08-MAR-21 15:48
 RNX2SNX_210630_PYRL: QIF ambiguity resolution                                                     BERNESE GNSS SOFTWARE VERSION 5.2
 -----------------------------------------------------------------------------------------------------------------------------------


 3. GENERAL OPTIONS
 ------------------
 
 TIDAL CORRECTION OF STATION COORDINATES :   IERS CONVENTIONS 2000
 
 
 A PRIORI SIGMA OF UNIT WEIGHT:
 -----------------------------

 A PRIORI SIGMA OF UNIT WEIGHT           :   0.001 M  (SIGMA OF ONE-WAY L1 PHASE OBSERVABLE AT ZENITH)

 MODEL FOR ELEVATION-DEPENDENT WEIGHTING :   1/COS(Z)

 POLARIZATION EFFECT                     :   GEOMETRICAL

 PER. RELATIVISTIC J2-CORRECTION         :   NOT APPLIED
 
 
 CORRELATIONS AND SESSIONS:
 -------------------------

 STRATEGY       : CORRELATIONS WITHIN BASELINE
 
 
 AMBIGUITY RESOLUTION STRATEGY:
 -----------------------------

 QUASI-IONOSPHERE-FREE AMBIGUITY RESOLUTION (QIF)
 APPLIED TO: ALL
 GPS QUARTER-CYCLE PHASE BIASES: CONSIDERED (IF INDICATED)

 CRITERIA:  SEARCH WIDTH IN WIDE-LANE CYCLES            :   0.500  WL CYCLES
            MAX. RMS OF RESOLVABLE NARROW-LANE AMBIGUITY:   0.030  NL CYCLES
            MAX. FRACT. PART OF RESOLVABLE NL AMBIGUITY :   0.100  NL CYCLES
            MAX. NUMBER OF AMBIG. PAIRS SOLVED IN 1 STEP:       1
 
 
 SYNCHRONIZATION ERRORS:
 ----------------------

 STRATEGY       : SYNCHRONIZATION ERRORS NOT APPLIED


 4. STATIONS
 -----------

 Local geodetic datum:                      ${X}/GEN/DATUM.
 
 Datum name         Ell. param./ Scale      Shifts to WGS-84       Rotations to WGS-84
 -----------------------------------------------------------------------------------------------------------------------------------
 IGS14              A  =  6378137.000 m     DX =      0.0000 m     RX =     0.00000 arcsec
                    1/F=  298.2572221       DY =      0.0000 m     RY =     0.00000 arcsec
                    SC =  0.00000D+00       DZ =      0.0000 m     RZ =     0.00000 arcsec


 A priori station coordinates:              ${P}/GREECE/STA/DSP210630.CRD

                                            A priori station coordinates                 A priori station coordinates
                                                      IGS14                          Ellipsoidal in local geodetic datum
------------------------------------------------------------------------------------------------------------------------------------
 num  Station name     obs e/f/h        X (m)           Y (m)           Z (m)        Latitude       Longitude    Height (m)
------------------------------------------------------------------------------------------------------------------------------------
 434  PYLO 12637M001    Y  FIXED   4744074.20190   1887446.29485   3809805.54744     36.9141724     21.6953068     39.26566
 453  RLSO 12629M001    Y  ESTIM   4679939.00922   1840151.27354   3910407.62646     38.0558336     21.4647442    132.91189




1GREECE                                                                                            PROGRAM GPSEST    08-MAR-21 15:48
 RNX2SNX_210630_PYRL: QIF ambiguity resolution                                                     BERNESE GNSS SOFTWARE VERSION 5.2
 -----------------------------------------------------------------------------------------------------------------------------------


 5. SATELLITE ORBITS
 -------------------
 
 ARC CHARACTERISTICS:
 -------------------
 
 ARC  START OF ARC       END OF ARC         SOURCE      #SAT SATELLITES
 -----------------------------------------------------------------------------------------------------------------------------------

   1  21-03-04 00:00:00  21-03-05 00:00:00  PR2021. 63   51    1   2   3   4   5   6   7   8   9  10  12  13  14  15  16  17  18  19
                                                              20  21  22  23  24  25  26  27  28  29  30  31  32 101 102 103 104 105
                                                             107 108 109 112 113 114 115 116 117 118 119 120 121 122 124
 
 
 OSCULATING ELEMENTS:                       ${P}/GREECE/ORB/COD210630.STD
 -------------------

 REFERENCE SYSTEM:  J2000.0
 REFERENCE EPOCH :  59277.0000000 MJD   (2021  3  4  0  0  0.00)
 
 SAT   S.MAJ.AXIS   ECCENTRIC.    INCLINAT.      NODE       PERIGEE     M. ANOMALY   PER.PASS.TIME
 -----------------------------------------------------------------------------------------------------------------------------------

   1   26559235.6   0.01045469    56.422470    46.841766    46.619445    68.483414   59276.9051574
   2   26561615.3   0.02036820    55.203222    42.147048   -88.092933    82.280621   59276.8860343
   3   26559623.4   0.00327492    55.593880   106.285763    48.501710     3.429985   59276.9952497
   4   26563137.4   0.00103786    55.075773   168.109465  -172.572989   167.000855   59276.7686697
   5   26560350.9   0.00601219    54.844774   104.239149    50.927129  -132.269894   59277.1831920
   6   26561856.8   0.00232437    56.394046    46.371635   -59.547560    85.206498   59276.8819801
   7   26557842.8   0.01444505    54.452478  -133.282322  -134.614677    33.068815   59276.9542066
   8   26560701.9   0.00621596    55.451591   -14.618022    -0.969757  -164.634334   59277.2280208
   9   26559663.6   0.00188292    54.669623   165.235601   104.410446  -140.239044   59277.1942216
  10   26561683.9   0.00654120    55.589238   106.116121   211.798066   -48.993146   59277.0678599
  12   26560458.6   0.00841958    55.724975   -69.593019    67.611216    -6.119609   59277.0084756
  13   26560999.9   0.00489193    55.504548   173.675027  -301.742503   157.564209   59276.7817677
  14   26562536.3   0.00046120    54.779954   -71.075155   128.346834    37.424895   59276.9481606
  15   26560903.5   0.01301450    53.283912   159.691032  -304.199482   138.033340   59276.8088198
  16   26558671.3   0.01225460    55.732369   -68.517062    37.867499  -114.377030   59277.1583956
  17   26557399.0   0.01350367    56.299192   -10.227229   269.727877  -170.116801   59277.2355701
  18   26558989.6   0.00118677    55.488065    47.590873  -188.868101    78.376884   59276.8914574
  19   26558081.8   0.00901865    56.215511    -7.633888   102.428273   -24.302717   59277.0336546
  20   26561816.2   0.00589522    53.803801    98.099706  -195.119292    32.162192   59276.9554521
  21   26560790.7   0.02426853    54.864777    42.182186   292.314808  -155.302760   59277.2150975
  22   26558152.7   0.00703911    53.612330   100.762288   -59.136717   136.104127   59276.8115211
  23   26561625.1   0.00109893    55.300957   104.799223  -215.217923    46.449053   59276.9356641
  24   26559698.6   0.01095281    53.510223  -137.696787    42.071467    88.313143   59276.8776920
  25   26561113.9   0.00991606    54.996038   -73.748262    54.223473   -26.482306   59277.0366792
  26   26561262.9   0.00575886    53.901671   -76.074897    16.172268   -63.469555   59277.0879090
  27   26560348.9   0.00918300    55.942106   -13.670596    33.149828  -166.793897   59277.2310072
  28   26561361.1   0.01780953    55.681696   -68.311981   282.637824  -124.746538   59277.1727821
  29   26560659.5   0.00156007    56.406128    -9.524443   122.154522  -159.079576   59277.2203269
  30   26560931.8   0.00488909    53.605514  -132.225524  -162.473686    28.397375   59276.9606687
  31   26562546.2   0.01001743    54.701299  -132.322709    14.466281     3.964355   59276.9945087
  32   26558310.8   0.00468365    54.896579   165.790766   221.956796  -124.920918   59277.1729938
 101   25507029.0   0.00034719    64.352590   136.893388   -19.927337   144.137960   59276.8121276
 102   25506025.0   0.00201757    64.813453   138.392507   230.151290  -159.990749   59277.2085229
 103   25509046.8   0.00185311    64.648763   138.066752  -125.579723   151.242389   59276.8028442
 104   25509343.9   0.00102095    64.964113   138.155474   -95.955200    77.701994   59276.8987078
 105   25506337.2   0.00065154    64.977871   138.292723  -144.693092    82.590707   59276.8923540
 107   25509152.7   0.00167663    64.656754   138.126227  -124.900902   -31.061338   59277.0404910
 108   25509343.0   0.00198872    64.664298   138.128376   256.690334   -95.053581   59277.1239116
 109   25507488.1   0.00141226    63.669082  -102.601857   198.059720   -67.175505   59277.0875603
 112   25509805.9   0.00094123    64.412851  -102.168477   -50.291561    46.596722   59276.9392550
 113   25507462.6   0.00077288    64.356424  -102.758399    84.402013  -132.142273   59277.1722413
 114   25505508.9   0.00018823    64.125749  -102.198687  -148.201766    54.072242   59276.9295274
 115   25507813.0   0.00051662    64.341151  -102.007727   -71.247488   -67.328744   59277.0877617
 116   25509860.3   0.00294668    63.957626  -103.449139    19.911458   154.052891   59276.7991709
 117   25508464.8   0.00077849    65.599931    18.365112   212.505855   -64.766750   59277.0844254
 118   25505516.8   0.00146844    65.856528    18.660435   -30.386476   135.301159   59276.8236614
 119   25506038.7   0.00020297    66.088909    20.052416   -89.115305   153.153056   59276.8003888
 120   25509509.6   0.00112102    66.103514    20.145010   -20.176767    33.742456   59276.9560130
 121   25508267.8   0.00045282    65.798106    18.556278  -160.809310   125.606528   59276.8362699
 122   25505316.6   0.00215713    65.981155    18.954749    11.978971   -89.895132   59277.1171594
 124   25509679.9   0.00077138    64.932817    19.363081  -103.929628   -64.315622   59277.0838434
 
 
 SATELLITE PROBLEMS:
 ------------------
 
 SAT  PROBLEM TYPE     ACTION         FROM               TO
 -----------------------------------------------------------------------------------------------------------------------------------

  37  BAD PHASE+CODE   OBS. REMOVED   11-07-13 00:00:00  99-12-31 23:59:59
 106  BAD PHASE+CODE   OBS. REMOVED   18-04-08 00:00:00  99-12-31 23:59:59
 110  BAD PHASE+CODE   OBS. REMOVED   19-08-02 00:00:00  99-12-31 23:59:59
 123  BAD PHASE+CODE   OBS. REMOVED   20-11-25 06:00:00  21-03-08 23:59:59
 125  BAD PHASE+CODE   OBS. REMOVED   20-11-28 00:00:00  99-12-31 23:59:59
 127  BAD PHASE+CODE   OBS. REMOVED   14-11-30 00:00:00  99-12-31 23:59:59
 220  BAD PHASE+CODE   OBS. REMOVED   17-03-23 00:00:00  99-12-31 23:59:59


 LIST OF SATELLITES IN SHADOW:
 ----------------------------
 LIST OF SATELLITES IN SHADOW AND  30 MINUTES AFTER SHADOW

 SAT   FROM                 TO
 -----------------------------------------------------------------------------------------------------------------------------------

   4   2021-03-04 00:00:00  2021-03-04 01:12:25   use observations    
   4   2021-03-04 11:51:14  2021-03-04 13:11:09   use observations    
   4   2021-03-04 23:49:00  2021-03-04 23:59:30   use observations    
   8   2021-03-04 00:00:00  2021-03-04 00:16:39   use observations    
   8   2021-03-04 10:51:16  2021-03-04 12:15:18   use observations    
   8   2021-03-04 22:50:11  2021-03-04 23:59:30   use observations    
   9   2021-03-04 00:55:33  2021-03-04 02:18:19   use observations    
   9   2021-03-04 12:53:24  2021-03-04 14:16:45   use observations    
  13   2021-03-04 04:32:10  2021-03-04 05:36:33   use observations    
  13   2021-03-04 16:29:09  2021-03-04 17:35:55   use observations    
  15   2021-03-04 05:22:38  2021-03-04 06:47:28   use observations    
  15   2021-03-04 17:20:51  2021-03-04 18:45:36   use observations    
  17   2021-03-04 01:59:19  2021-03-04 03:24:43   use observations    
  17   2021-03-04 13:58:04  2021-03-04 15:23:30   use observations    
  19   2021-03-04 02:34:58  2021-03-04 03:59:09   use observations    
  19   2021-03-04 14:33:39  2021-03-04 15:58:03   use observations    
  27   2021-03-04 09:44:47  2021-03-04 11:09:36   use observations    
  27   2021-03-04 21:43:43  2021-03-04 23:08:19   use observations    
  29   2021-03-04 06:27:58  2021-03-04 07:53:07   use observations    
  29   2021-03-04 18:26:44  2021-03-04 19:51:58   use observations    
  32   2021-03-04 08:27:00  2021-03-04 09:49:48   use observations    
  32   2021-03-04 20:24:52  2021-03-04 21:48:16   use observations    


1GREECE                                                                                            PROGRAM GPSEST    08-MAR-21 15:48
 RNX2SNX_210630_PYRL: QIF ambiguity resolution                                                     BERNESE GNSS SOFTWARE VERSION 5.2
 -----------------------------------------------------------------------------------------------------------------------------------


 6. ATMOSPHERE
 -------------

 TROPOSPHERE MODEL
 -----------------

 A priori troposphere model: GMF, dry part only
 Meteo/Trop.delay values   : Estimated values introduced if available (from GPSEST or ADDNEQ)
 
 
 IONOSPHERE MODELS:                         ${P}/GREECE/ATM/COD21474.ION
 -----------------

 TYPE OF IONOSPHERE MODELS :  GLOBAL          
 MEAN RADIUS OF THE EARTH  :  6371.00 KM

 MODEL /            VALIDITY START /   VALIDITY END       MAX DEG/ORD  #COE  FLAGS     HGT (KM)  GEOMAGNETIC POLE  LATITUDE BAND
 STATION            REFERENCE EPOCH                                          F1 F2 F3            LAT     LON       MIN/MAX LAT
 -----------------------------------------------------------------------------------------------------------------------------------

 0630-01            21-03-04 00:00:00                      15  15      256    2  1  2   450.00     80.33  -72.67    -89.18   87.34
 0630-02            21-03-04 01:00:00                      15  15      256    2  1  2   450.00     80.33  -72.67    -89.18   87.91
 0630-03            21-03-04 02:00:00                      15  15      256    2  1  2   450.00     80.33  -72.67    -88.52   89.34
 0630-04            21-03-04 03:00:00                      15  15      256    2  1  2   450.00     80.33  -72.67    -89.44   89.34
 0630-05            21-03-04 04:00:00                      15  15      256    2  1  2   450.00     80.33  -72.67    -89.44   89.51
 0630-06            21-03-04 05:00:00                      15  15      256    2  1  2   450.00     80.33  -72.67    -89.36   89.51
 0630-07            21-03-04 06:00:00                      15  15      256    2  1  2   450.00     80.33  -72.67    -88.33   89.06
 0630-08            21-03-04 07:00:00                      15  15      256    2  1  2   450.00     80.33  -72.67    -89.13   89.06
 0630-09            21-03-04 08:00:00                      15  15      256    2  1  2   450.00     80.33  -72.67    -89.70   88.68
 0630-10            21-03-04 09:00:00                      15  15      256    2  1  2   450.00     80.33  -72.67    -89.70   88.90
 0630-11            21-03-04 10:00:00                      15  15      256    2  1  2   450.00     80.33  -72.67    -89.56   89.51
 0630-12            21-03-04 11:00:00                      15  15      256    2  1  2   450.00     80.33  -72.67    -89.56   89.51
 0630-13            21-03-04 12:00:00                      15  15      256    2  1  2   450.00     80.33  -72.67    -89.15   89.74
 0630-14            21-03-04 13:00:00                      15  15      256    2  1  2   450.00     80.33  -72.67    -89.15   89.74
 0630-15            21-03-04 14:00:00                      15  15      256    2  1  2   450.00     80.33  -72.67    -88.57   89.41
 0630-16            21-03-04 15:00:00                      15  15      256    2  1  2   450.00     80.33  -72.67    -89.37   89.41
 0630-17            21-03-04 16:00:00                      15  15      256    2  1  2   450.00     80.33  -72.67    -89.92   88.90
 0630-18            21-03-04 17:00:00                      15  15      256    2  1  2   450.00     80.33  -72.67    -89.92   88.16
 0630-19            21-03-04 18:00:00                      15  15      256    2  1  2   450.00     80.33  -72.67    -89.34   89.40
 0630-20            21-03-04 19:00:00                      15  15      256    2  1  2   450.00     80.33  -72.67    -89.34   89.40
 0630-21            21-03-04 20:00:00                      15  15      256    2  1  2   450.00     80.33  -72.67    -89.23   89.56
 0630-22            21-03-04 21:00:00                      15  15      256    2  1  2   450.00     80.33  -72.67    -89.43   89.56
 0630-23            21-03-04 22:00:00                      15  15      256    2  1  2   450.00     80.33  -72.67    -89.43   89.15
 0630-24            21-03-04 23:00:00                      15  15      256    2  1  2   450.00     80.33  -72.67    -89.30   88.58
 0630-25            21-03-05 00:00:00                      15  15      256    2  1  2   450.00     80.33  -72.67    -89.08   88.39
 
 
 STOCHASTIC IONOSPHERE PARAMETERS:
 --------------------------------

 ONE PARAMETER PER EPOCH AND SATELLITE ESTIMATED (EPOCH-WISE PRE-ELIMINATED)
 NO ELIMINATION OF REFERENCE IONOSPHERE PARAMETERS
 ELEVATION-DEPENDENT PARAMETER CONSTRAINING (ZENITH PARAMETERS ESTIMATED)

 ABSOLUTE A PRIORI SIGMA ON SINGLE DIFFERENCE LEVEL:  0.2500 M
 RELATIVE A PRIORI SIGMA OF IONOSPHERIC RANDOM WALK:  0.0000 M/MIN**1/2


1GREECE                                                                                            PROGRAM GPSEST    08-MAR-21 15:48
 RNX2SNX_210630_PYRL: QIF ambiguity resolution                                                     BERNESE GNSS SOFTWARE VERSION 5.2
 -----------------------------------------------------------------------------------------------------------------------------------


 8. POLE COORDINATES AND TIME INFORMATION
 ----------------------------------------
 
 A PRIORI POLE AND TIME INFORMATION FROM THE POLE FILE:
 -----------------------------------------------------
 
 DATUM       TIME       X-POLE (")  Y-POLE (")  UT1-UTC (S) GPS-UTC (S)  RMS XP (")  RMS YP (")  RMS DT (S)
                        EP-CPO (")  PS-CPO (")                           RMS EP (")  RMS PS (")
 -----------------------------------------------------------------------------------------------------------------------------------

 21-03-04 00:00:00     0.05103     0.37654    -0.171568       18.        0.00001     0.00001     0.000001
                       0.00000     0.00000                               0.00000     0.00000
 21-03-04 12:00:00     0.05165     0.37721    -0.171752       18.        0.00001     0.00001     0.000001
                       0.00000     0.00000                               0.00000     0.00000
 21-03-05 00:00:00     0.05226     0.37789    -0.171872       18.        0.00001     0.00001     0.000001
                       0.00000     0.00000                               0.00000     0.00000

 NUTATION MODEL:           IAU2000R06      
 SUBDAILY POLE MODEL:      IERS2010        



1GREECE                                                                                            PROGRAM GPSEST    08-MAR-21 15:48
 RNX2SNX_210630_PYRL: QIF ambiguity resolution                                                     BERNESE GNSS SOFTWARE VERSION 5.2
 -----------------------------------------------------------------------------------------------------------------------------------



 Grid type     #fil  Scaling factors for stations          Components and sigmas for scaling factors
 -----------------------------------------------------------------------------------------------------------------------------------

 ATM-NT-LOAD     0   no scaling factors are estimated
 OCN-NT-LOAD     0   no scaling factors are estimated
 HYDR-LOAD       0   no scaling factors are estimated


1GREECE                                                                                            PROGRAM GPSEST    08-MAR-21 15:48
 RNX2SNX_210630_PYRL: QIF ambiguity resolution                                                     BERNESE GNSS SOFTWARE VERSION 5.2
 -----------------------------------------------------------------------------------------------------------------------------------


 12. TEST OUTPUT
 ---------------
 
 MIN. AND MAX. ELEVATION/NADIR ANGLES AND MAX. SYNCHRONIZATION ERRORS:
 --------------------------------------------------------------------
 
 SESS  FILE  STATION NAME 1    STATION NAME 2    MIN/MAX ELEV.  MIN/MAX NADIR  SYNCH. ERR. (NS)
 -----------------------------------------------------------------------------------------------------------------------------------

 0001    1   PYLO 12637M001    RLSO 12629M001      4.8  89.6      0.1  14.4               0.0


1GREECE                                                                                            PROGRAM GPSEST    08-MAR-21 15:48
 RNX2SNX_210630_PYRL: QIF ambiguity resolution                                                     BERNESE GNSS SOFTWARE VERSION 5.2
 -----------------------------------------------------------------------------------------------------------------------------------


 13. RESULTS (PART 1)
 --------------------
 
 NUMBER OF PARAMETERS (PART 1):
 -----------------------------
 
 PARAMETER TYPE                                     #PARAMETERS   #PRE-ELIMINATED        #SET-UP  #NO-OBS  #REF     #SINGULAR
 -----------------------------------------------------------------------------------------------------------------------------------

 STATION COORDINATES                                      3           0                      3        0        0        0
 AMBIGUITIES                                            114           0                    124       10        0        0
 STOCHASTIC IONOSPHERE PARAMETERS                     42598       42598  (EPOCH-WISE)    42598        0        0        0
 
 -----------------------------------------------------------------------------------------------------------------------------------
 TOTAL NUMBER OF PARAMETERS                           42715       42598                  42725       10        0        0
 -----------------------------------------------------------------------------------------------------------------------------------
 
 
 NUMBER OF OBSERVATIONS (PART 1):
 -------------------------------
 
 TYPE         FREQUENCY         FILE/PAR          #OBSERVATIONS
 -----------------------------------------------------------------------------------------------------------------------------------

 PHASE           L1              ALL                  39718
 PHASE           L2              ALL                  39718
 
 -----------------------------------------------------------------------------------------------------------------------------------
 TOTAL NUMBER OF OBSERVATIONS                         79436
 -----------------------------------------------------------------------------------------------------------------------------------
 
 
 A POSTERIORI SIGMA OF UNIT WEIGHT (PART 1):
 ------------------------------------------

 A POSTERIORI SIGMA OF UNIT WEIGHT  :    0.0013 M  (SIGMA OF ONE-WAY L1 PHASE OBSERVABLE AT ZENITH)

 DEGREE OF FREEDOM (DOF)            :     36721
 CHI**2/DOF                         :      1.73


1GREECE                                                                                            PROGRAM GPSEST    08-MAR-21 15:48
 RNX2SNX_210630_PYRL: QIF ambiguity resolution                                                     BERNESE GNSS SOFTWARE VERSION 5.2
 -----------------------------------------------------------------------------------------------------------------------------------


 STATION COORDINATES:                       (NOT SAVED)
 -------------------
 
 NUM  STATION NAME     PARAMETER    A PRIORI VALUE       NEW VALUE     NEW- A PRIORI  RMS ERROR   3-D ELLIPSOID       2-D ELLIPSE
 -----------------------------------------------------------------------------------------------------------------------------------

 453  RLSO 12629M001   X             4679939.0092       4679939.0088     -0.0005      0.0002               
                       Y             1840151.2735       1840151.2739      0.0004      0.0001               
                       Z             3910407.6265       3910407.6268      0.0004      0.0002               

                       HEIGHT            132.9119           132.9119     -0.0000      0.0003      0.0003    4.3
                       LATITUDE     38  3 21.000920    38  3 21.000935    0.0005      0.0001      0.0001   57.4      0.0001   58.0
                       LONGITUDE    21 27 53.079260    21 27 53.079282    0.0005      0.0001      0.0001    0.2      0.0001


1GREECE                                                                                            PROGRAM GPSEST    08-MAR-21 15:48
 RNX2SNX_210630_PYRL: QIF ambiguity resolution                                                     BERNESE GNSS SOFTWARE VERSION 5.2
 -----------------------------------------------------------------------------------------------------------------------------------


 AMBIGUITIES:
 -----------

                                    REFERENCE
 AMBI  FILE SAT. EPOCH FRQ WLF CLU  AMBI CLU    AMBIGUITY   RMS   TOTAL AMBIGU.    DL/L
 -----------------------------------------------------------------------------------------------------------------------------------

    1    1    1      1  1   1    2    -    -        -0.01  34.67     -172378.01
    2    1    3      1  1   1    5    -    -        -0.02  34.67     -204030.02
    3    1    3   2603  1   1    4    -    -         1.33  34.71     -204024.67
    4    1    4      1  1   1    7    -    -        -0.01  34.67      462032.99
    5    1    8      1  1   1   10    -    -        -0.03  34.67      555016.97
    6    1   17      1  1   1   13    -    -        -0.08  34.67     -536431.08
    7    1   21      1  1   1  112    -    -        -0.02  34.67       55819.98
    8    1   31      1  1   1   20    -    -         0.14  34.67      194140.14
    9    1   32      1  1   1   23    -    -        -0.02  34.67     -383385.02
   10    1   32   1391  1   1   22    -    -        -0.88  34.67     -383370.88
   11    1  101   1196  1   1   82    -    -         2.26  35.27     -406404.74
   12    1  101   1521  1   1   26    -    -        -1.03  35.34     -406408.03
   13    1  101   1539  1   1   27    -    -        -0.66  35.32     -406420.66
   14    1  102      1  1   1   32    -    -        -1.47  35.21     -305245.47
   15    1  103      1  1   1  103    -    -        -0.81  35.32       62798.19
   16    1  117      1  1   1   89    -    -        -0.81  35.30      131968.19
   17    1  118      1  1   1  122    -    -        -1.49  35.22     -445579.49
   18    1  124      1  1   1   75    -    -        -1.62  35.28      593416.38
   19    1  104      1  1   1  108    -    -        -0.80  35.33      283733.20
   20    1   19      1  1   1   46    -    -         1.73  34.95     -612055.27
   21    1   19    355  1   1   51    -    -         1.40  34.71     -612070.60
   22    1   19    378  1   1   52    -    -         2.05  34.71     -612067.95
   23    1    9      1  1   1   54    -    -         1.01  34.67      449078.01
   24    1  112      1  1   1   91    -    -        -1.55  35.24      102120.45
   25    1  119      1  1   1   61    -    -        -1.78  35.29     -481322.78
   26    1    6      1  1   1   63    -    -        -0.00  34.67     -568383.00
   27    1  113      1  1   1   98    -    -        -1.48  35.23      403603.52
   28    1  113   2289  1   1   66    -    -         0.66  35.40      403586.66
   29    1    7      1  1   1   67    -    -         1.98  34.67      628832.98
   30    1  114      1  1   1   69    -    -        -1.24  35.17      641149.76
   31    1   26      1  1   1   71    -    -         0.11  34.67      -54208.89
   32    1  120    604  1   1   73    -    -         0.53  35.37     -620650.47
   33    1  120    623  1   1   74    -    -         1.18  35.46     -620652.82
   34    1  105      1  1   1   81    -    -         0.24  35.45     -340269.76
   35    1  115      1  1   1   84    -    -        -1.63  35.25      682463.37
   36    1  115   2534  1   1   85    -    -         1.41  35.43      682458.41
   37    1   30      1  1   1   86    -    -         1.98  34.67      550592.98
   38    1  121   1351  1   1   88    -    -        -2.12  35.38     -671205.12
   39    1    5      1  1   1   93    -    -        -0.05  34.67     -544788.05
   40    1   14      1  1   1   94    -    -         1.98  34.67      664817.98
   41    1   14   2642  1   1   95    -    -         1.17  34.86      664830.17
   42    1   28   2668  1   1   97    -    -         1.29  34.83      664962.29
   43    1   15    921  1   1  106    -    -         0.11  34.67     -477029.89
   44    1   23      1  1   1  109    -    -        -1.16  34.69     -603970.16
   45    1   23   1949  1   1  110    -    -         1.97  34.67     -603949.03
   46    1   20      1  1   1  111    -    -        -1.38  34.79     -582129.38
   47    1   24      1  1   1  113    -    -        -1.03  34.67     -278119.03
   48    1   12      1  1   1  114    -    -         0.98  34.67      388432.98
   49    1   10      1  1   1  115    -    -         2.96  34.67     -488716.04
   50    1   25      1  1   1  116    -    -        -2.42  35.57      108568.58
   51    1   25   1343  1   1  117    -    -        -3.39  34.90      108574.61
   52    1   25   1392  1   1  119    -    -         0.03  34.67      108592.03
   53    1   29      1  1   1  120    -    -        -1.94  34.67      496763.06
   54    1  122   2143  1   1  123    -    -         0.97  35.57      647238.97
   55    1   18   1726  1   1  125    -    -         0.13  34.67      614643.13
   56    1   27   2183  1   1  127    -    -         0.98  34.67     -363244.02
   57    1   27   2828  1   1  128    -    -         0.52  34.78     -363238.48
   58    1    1      1  2   1    2    -    -        -0.16  34.58     -134320.16
   59    1    3      1  2   1    5    -    -        -0.16  34.58     -158984.16
   60    1    3   2603  2   1    4    -    -         1.19  34.65     -158982.81
   61    1    4      1  2   1    7    -    -        -0.15  34.58      360025.85
   62    1    8      1  2   1   10    -    -        -0.17  34.58      432480.83
   63    1   17      1  2   1   13    -    -        -0.24  34.58     -417998.24
   64    1   21      1  2   1  112    -    -        -0.16  34.58       43495.84
   65    1   31      1  2   1   20    -    -         0.05  34.58      151278.05
   66    1   32      1  2   1   23    -    -        -0.17  34.58     -298741.17
   67    1   32   1391  2   1   22    -    -        -0.94  34.59     -298732.94
   68    1  101   1196  2   1   82    -    -         2.79  35.11     -316124.21
   69    1  101   1521  2   1   26    -    -        -1.19  35.23     -316133.19
   70    1  101   1539  2   1   27    -    -        -0.88  35.20     -316144.88
   71    1  102      1  2   1   32    -    -        -1.93  35.05     -237412.93
   72    1  103      1  2   1  103    -    -        -1.22  35.16       48842.78
   73    1  117      1  2   1   89    -    -        -1.24  35.15      102641.76
   74    1  118      1  2   1  122    -    -        -1.93  35.07     -346560.93
   75    1  124      1  2   1   75    -    -        -2.04  35.13      461546.96
   76    1  104      1  2   1  108    -    -        -1.20  35.18      219105.80
   77    1   19      1  2   1   46    -    -         1.47  35.05     -476925.53
   78    1   19    355  2   1   51    -    -         1.18  34.66     -476929.82
   79    1   19    378  2   1   52    -    -         1.89  34.65     -476931.11
   80    1    9      1  2   1   54    -    -         0.87  34.58      349930.87
   81    1  112      1  2   1   91    -    -        -1.99  35.09       79427.01
   82    1  119      1  2   1   61    -    -        -2.24  35.14     -374362.24
   83    1    6      1  2   1   63    -    -        -0.14  34.58     -442895.14
   84    1  113      1  2   1   98    -    -        -1.90  35.08      313914.10
   85    1  113   2289  2   1   66    -    -         0.96  35.35      313910.96
   86    1    7      1  2   1   67    -    -         1.83  34.58      489999.83
   87    1  114      1  2   1   69    -    -        -1.66  35.02      496360.34
   88    1   26      1  2   1   71    -    -         0.00  34.58      -44071.00
   89    1  120    604  2   1   73    -    -         1.17  35.28     -482727.83
   90    1  120    623  2   1   74    -    -         1.75  35.42     -482732.25
   91    1  105      1  2   1   81    -    -         0.80  35.43     -269000.20
   92    1  115      1  2   1   84    -    -        -2.07  35.10      530804.93
   93    1  115   2534  2   1   85    -    -         1.10  35.39      530807.10
   94    1   30      1  2   1   86    -    -         1.85  34.58      429033.85
   95    1  121   1351  2   1   88    -    -        -1.55  35.29     -522014.55
   96    1    5      1  2   1   93    -    -        -0.21  34.58     -424510.21
   97    1   14      1  2   1   94    -    -         1.84  34.58      518039.84
   98    1   14   2642  2   1   95    -    -         1.01  34.90      518010.01
   99    1   28   2668  2   1   97    -    -         1.16  34.85      518158.16
  100    1   15    921  2   1  106    -    -         0.02  34.58     -371720.98
  101    1   23      1  2   1  109    -    -        -0.39  34.62     -470625.39
  102    1   23   1949  2   1  110    -    -         2.83  34.58     -470632.17
  103    1   20      1  2   1  111    -    -        -0.76  34.79     -452778.76
  104    1   24      1  2   1  113    -    -        -1.17  34.58     -216715.17
  105    1   12      1  2   1  114    -    -         1.84  34.58      302676.84
  106    1   10      1  2   1  115    -    -         2.80  34.58      513049.80
  107    1   25      1  2   1  116    -    -        -2.12  36.05       84599.88
  108    1   25   1343  2   1  117    -    -        -2.43  34.96       84586.57
  109    1   25   1392  2   1  119    -    -        -0.10  34.58       84629.90
  110    1   29      1  2   1  120    -    -        -1.05  34.58      387087.95
  111    1  122   2143  2   1  123    -    -         1.56  35.65      490630.56
  112    1   18   1726  2   1  125    -    -         1.03  34.58      478944.03
  113    1   27   2183  2   1  127    -    -         0.83  34.58     -283055.17
  114    1   27   2828  2   1  128    -    -         0.28  34.76     -283047.72


1GREECE                                                                                            PROGRAM GPSEST    08-MAR-21 15:48
 RNX2SNX_210630_PYRL: QIF ambiguity resolution                                                     BERNESE GNSS SOFTWARE VERSION 5.2
 -----------------------------------------------------------------------------------------------------------------------------------


 STOCHASTIC IONOSPHERE PARAMETERS:
 --------------------------------
 
 FILE  SAT.  MZD (DEG)  REF.  MZD (DEG)  EPOCH   VALUE (M)  RMS (M)   EPOCH (MJD)    TECU 
 -----------------------------------------------------------------------------------------------------------------------------------



1GREECE                                                                                            PROGRAM GPSEST    08-MAR-21 15:48
 RNX2SNX_210630_PYRL: QIF ambiguity resolution                                                     BERNESE GNSS SOFTWARE VERSION 5.2
 -----------------------------------------------------------------------------------------------------------------------------------


 AMBIGUITY RESOLUTION:
 --------------------

 STRATEGY :  QUASI-IONOSPHERE-FREE AMBIGUITY RESOLUTION (QIF)

                                    REFERENCE
 AMBI  FILE SAT. EPOCH FRQ WLF CLU  AMBI CLU    AMBIGUITY   RMS   TOTAL AMBIGU.    DL/L
 -----------------------------------------------------------------------------------------------------------------------------------

    1    1    1      1  1   1    2    -    -        -0.01  34.67     -172378.01
    2    1    3      1  1   1    5    -    -        -0.02  34.67     -204030.02
    3    1    3   2603  1   1    4    -    -         1.33  34.71     -204024.67
    4    1    4      1  1   1    7    -    -        -0.01  34.67      462032.99
    5    1    8      1  1   1   10    -    -        -0.03  34.67      555016.97
    6    1   17      1  1   1   13    -    -        -0.08  34.67     -536431.08
    7    1   21      1  1   1  112    -    -        -0.02  34.67       55819.98
    8    1   31      1  1   1   20    -    -         0.14  34.67      194140.14
    9    1   32      1  1   1   23    -    -        -0.02  34.67     -383385.02
   10    1   32   1391  1   1   22    -    -        -0.88  34.67     -383370.88
   11    1  101   1196  1   1   82    -    -         2.26  35.27     -406404.74
   12    1  101   1521  1   1   26    -    -        -1.03  35.34     -406408.03
   13    1  101   1539  1   1   27    -    -        -0.66  35.32     -406420.66
   14    1  102      1  1   1   32    -    -        -1.47  35.21     -305245.47
   15    1  103      1  1   1  103    -    -        -0.81  35.32       62798.19
   16    1  117      1  1   1   89    -    -        -0.81  35.30      131968.19
   17    1  118      1  1   1  122    -    -        -1.49  35.22     -445579.49
   18    1  124      1  1   1   75    -    -        -1.62  35.28      593416.38
   19    1  104      1  1   1  108    -    -        -0.80  35.33      283733.20
   20    1   19      1  1   1   46    -    -         1.73  34.95     -612055.27
   21    1   19    355  1   1   51    -    -         1.40  34.71     -612070.60
   22    1   19    378  1   1   52    -    -         2.05  34.71     -612067.95
   23    1    9      1  1   1   54    -    -         1.01  34.67      449078.01
   24    1  112      1  1   1   91    -    -        -1.55  35.24      102120.45
   25    1  119      1  1   1   61    -    -        -1.78  35.29     -481322.78
   26    1    6      1  1   1   63    -    -        -0.00  34.67     -568383.00
   27    1  113      1  1   1   98    -    -        -1.48  35.23      403603.52
   28    1  113   2289  1   1   66    -    -         0.66  35.40      403586.66
   29    1    7      1  1   1   67    -    -         1.98  34.67      628832.98
   30    1  114      1  1   1   69    -    -        -1.24  35.17      641149.76
   31    1   26      1  1   1   71    -    -         0.11  34.67      -54208.89
   32    1  120    604  1   1   73    -    -         0.53  35.37     -620650.47
   33    1  120    623  1   1   74    -    -         1.18  35.46     -620652.82
   34    1  105      1  1   1   81    -    -         0.24  35.45     -340269.76
   35    1  115      1  1   1   84    -    -        -1.63  35.25      682463.37
   36    1  115   2534  1   1   85    -    -         1.41  35.43      682458.41
   37    1   30      1  1   1   86    -    -         1.98  34.67      550592.98
   38    1  121   1351  1   1   88    -    -        -2.12  35.38     -671205.12
   39    1    5      1  1   1   93    -    -        -0.05  34.67     -544788.05
   40    1   14      1  1   1   94    -    -         1.98  34.67      664817.98
   41    1   14   2642  1   1   95    -    -         1.17  34.86      664830.17
   42    1   28   2668  1   1   97    -    -         1.29  34.83      664962.29
   43    1   15    921  1   1  106    -    -         0.11  34.67     -477029.89
   44    1   23      1  1   1  109    -    -        -1.16  34.69     -603970.16
   45    1   23   1949  1   1  110    -    -         1.97  34.67     -603949.03
   46    1   20      1  1   1  111    -    -        -1.38  34.79     -582129.38
   47    1   24      1  1   1  113    -    -        -1.03  34.67     -278119.03
   48    1   12      1  1   1  114    -    -         0.98  34.67      388432.98
   49    1   10      1  1   1  115    -    -         2.96  34.67     -488716.04
   50    1   25      1  1   1  116    -    -        -2.42  35.57      108568.58
   51    1   25   1343  1   1  117    -    -        -3.39  34.90      108574.61
   52    1   25   1392  1   1  119    -    -         0.03  34.67      108592.03
   53    1   29      1  1   1  120    -    -        -1.94  34.67      496763.06
   54    1  122   2143  1   1  123    -    -         0.97  35.57      647238.97
   55    1   18   1726  1   1  125    -    -         0.13  34.67      614643.13
   56    1   27   2183  1   1  127    -    -         0.98  34.67     -363244.02
   57    1   27   2828  1   1  128    -    -         0.52  34.78     -363238.48
   58    1    1      1  2   1    2    -    -        -0.16  34.58     -134320.16
   59    1    3      1  2   1    5    -    -        -0.16  34.58     -158984.16
   60    1    3   2603  2   1    4    -    -         1.19  34.65     -158982.81
   61    1    4      1  2   1    7    -    -        -0.15  34.58      360025.85
   62    1    8      1  2   1   10    -    -        -0.17  34.58      432480.83
   63    1   17      1  2   1   13    -    -        -0.24  34.58     -417998.24
   64    1   21      1  2   1  112    -    -        -0.16  34.58       43495.84
   65    1   31      1  2   1   20    -    -         0.05  34.58      151278.05
   66    1   32      1  2   1   23    -    -        -0.17  34.58     -298741.17
   67    1   32   1391  2   1   22    -    -        -0.94  34.59     -298732.94
   68    1  101   1196  2   1   82    -    -         2.79  35.11     -316124.21
   69    1  101   1521  2   1   26    -    -        -1.19  35.23     -316133.19
   70    1  101   1539  2   1   27    -    -        -0.88  35.20     -316144.88
   71    1  102      1  2   1   32    -    -        -1.93  35.05     -237412.93
   72    1  103      1  2   1  103    -    -        -1.22  35.16       48842.78
   73    1  117      1  2   1   89    -    -        -1.24  35.15      102641.76
   74    1  118      1  2   1  122    -    -        -1.93  35.07     -346560.93
   75    1  124      1  2   1   75    -    -        -2.04  35.13      461546.96
   76    1  104      1  2   1  108    -    -        -1.20  35.18      219105.80
   77    1   19      1  2   1   46    -    -         1.47  35.05     -476925.53
   78    1   19    355  2   1   51    -    -         1.18  34.66     -476929.82
   79    1   19    378  2   1   52    -    -         1.89  34.65     -476931.11
   80    1    9      1  2   1   54    -    -         0.87  34.58      349930.87
   81    1  112      1  2   1   91    -    -        -1.99  35.09       79427.01
   82    1  119      1  2   1   61    -    -        -2.24  35.14     -374362.24
   83    1    6      1  2   1   63    -    -        -0.14  34.58     -442895.14
   84    1  113      1  2   1   98    -    -        -1.90  35.08      313914.10
   85    1  113   2289  2   1   66    -    -         0.96  35.35      313910.96
   86    1    7      1  2   1   67    -    -         1.83  34.58      489999.83
   87    1  114      1  2   1   69    -    -        -1.66  35.02      496360.34
   88    1   26      1  2   1   71    -    -         0.00  34.58      -44071.00
   89    1  120    604  2   1   73    -    -         1.17  35.28     -482727.83
   90    1  120    623  2   1   74    -    -         1.75  35.42     -482732.25
   91    1  105      1  2   1   81    -    -         0.80  35.43     -269000.20
   92    1  115      1  2   1   84    -    -        -2.07  35.10      530804.93
   93    1  115   2534  2   1   85    -    -         1.10  35.39      530807.10
   94    1   30      1  2   1   86    -    -         1.85  34.58      429033.85
   95    1  121   1351  2   1   88    -    -        -1.55  35.29     -522014.55
   96    1    5      1  2   1   93    -    -        -0.21  34.58     -424510.21
   97    1   14      1  2   1   94    -    -         1.84  34.58      518039.84
   98    1   14   2642  2   1   95    -    -         1.01  34.90      518010.01
   99    1   28   2668  2   1   97    -    -         1.16  34.85      518158.16
  100    1   15    921  2   1  106    -    -         0.02  34.58     -371720.98
  101    1   23      1  2   1  109    -    -        -0.39  34.62     -470625.39
  102    1   23   1949  2   1  110    -    -         2.83  34.58     -470632.17
  103    1   20      1  2   1  111    -    -        -0.76  34.79     -452778.76
  104    1   24      1  2   1  113    -    -        -1.17  34.58     -216715.17
  105    1   12      1  2   1  114    -    -         1.84  34.58      302676.84
  106    1   10      1  2   1  115    -    -         2.80  34.58      513049.80
  107    1   25      1  2   1  116    -    -        -2.12  36.05       84599.88
  108    1   25   1343  2   1  117    -    -        -2.43  34.96       84586.57
  109    1   25   1392  2   1  119    -    -        -0.10  34.58       84629.90
  110    1   29      1  2   1  120    -    -        -1.05  34.58      387087.95
  111    1  122   2143  2   1  123    -    -         1.56  35.65      490630.56
  112    1   18   1726  2   1  125    -    -         1.03  34.58      478944.03
  113    1   27   2183  2   1  127    -    -         0.83  34.58     -283055.17
  114    1   27   2828  2   1  128    -    -         0.28  34.76     -283047.72


1GREECE                                                                                            PROGRAM GPSEST    08-MAR-21 15:48
 RNX2SNX_210630_PYRL: QIF ambiguity resolution                                                     BERNESE GNSS SOFTWARE VERSION 5.2
 -----------------------------------------------------------------------------------------------------------------------------------


 14. RESULTS (PART 2)
 --------------------
 
 NUMBER OF PARAMETERS (PART 2):
 -----------------------------
 
 PARAMETER TYPE                                     #PARAMETERS   #PRE-ELIMINATED        #SET-UP  #NO-OBS  #REF     #SINGULAR
 -----------------------------------------------------------------------------------------------------------------------------------

 STATION COORDINATES                                      3           0                      3        0        0        0
 AMBIGUITIES                                            114           0                    124       10        0        0
 STOCHASTIC IONOSPHERE PARAMETERS                     42598       42598  (EPOCH-WISE)    42598        0        0        0
 
 -----------------------------------------------------------------------------------------------------------------------------------
 TOTAL NUMBER OF PARAMETERS                           42715       42598                  42725       10        0        0
 -----------------------------------------------------------------------------------------------------------------------------------
 
 
 NUMBER OF OBSERVATIONS (PART 2):
 -------------------------------
 
 TYPE         FREQUENCY         FILE/PAR          #OBSERVATIONS
 -----------------------------------------------------------------------------------------------------------------------------------

 PHASE           L1              ALL                  39718
 PHASE           L2              ALL                  39718
 
 -----------------------------------------------------------------------------------------------------------------------------------
 TOTAL NUMBER OF OBSERVATIONS                         79436
 -----------------------------------------------------------------------------------------------------------------------------------
 
 
 A POSTERIORI SIGMA OF UNIT WEIGHT (PART 2):
 ------------------------------------------

 A POSTERIORI SIGMA OF UNIT WEIGHT  :    0.0013 M  (SIGMA OF ONE-WAY L1 PHASE OBSERVABLE AT ZENITH)

 DEGREE OF FREEDOM (DOF)            :     36721
 CHI**2/DOF                         :      1.73


1GREECE                                                                                            PROGRAM GPSEST    08-MAR-21 15:48
 RNX2SNX_210630_PYRL: QIF ambiguity resolution                                                     BERNESE GNSS SOFTWARE VERSION 5.2
 -----------------------------------------------------------------------------------------------------------------------------------


 STATION COORDINATES:                       (NOT SAVED)
 -------------------
 
 NUM  STATION NAME     PARAMETER    A PRIORI VALUE       NEW VALUE     NEW- A PRIORI  RMS ERROR   3-D ELLIPSOID       2-D ELLIPSE
 -----------------------------------------------------------------------------------------------------------------------------------

 453  RLSO 12629M001   X             4679939.0092       4679939.0088     -0.0005      0.0002               
                       Y             1840151.2735       1840151.2739      0.0004      0.0001               
                       Z             3910407.6265       3910407.6268      0.0004      0.0002               

                       HEIGHT            132.9119           132.9119     -0.0000      0.0003      0.0003    4.3
                       LATITUDE     38  3 21.000920    38  3 21.000935    0.0005      0.0001      0.0001   57.4      0.0001   58.0
                       LONGITUDE    21 27 53.079260    21 27 53.079282    0.0005      0.0001      0.0001    0.2      0.0001


1GREECE                                                                                            PROGRAM GPSEST    08-MAR-21 15:48
 RNX2SNX_210630_PYRL: QIF ambiguity resolution                                                     BERNESE GNSS SOFTWARE VERSION 5.2
 -----------------------------------------------------------------------------------------------------------------------------------


 STOCHASTIC IONOSPHERE PARAMETERS:
 --------------------------------
 
 FILE  SAT.  MZD (DEG)  REF.  MZD (DEG)  EPOCH   VALUE (M)  RMS (M)   EPOCH (MJD)    TECU 
 -----------------------------------------------------------------------------------------------------------------------------------



-----------------------------------------------------------------
>>> CPU/Real time for pgm "GPSEST": 0:00:08.057 / 0:00:08.081
>>> Program finished successfully

