
 ===============================================================================
 Bernese GNSS Software, Version 5.2
 -------------------------------------------------------------------------------
 Program        : GPSXTR
 Purpose        : Extract GPSEST/ADDNEQ2 program output
 -------------------------------------------------------------------------------
 Campaign       : ${P}/GREECE
 Default session: 0630 year 2021
 Date           : 08-Mar-2021 15:49:45
 User name      : bpe
 ===============================================================================


 RNX2SNX_210630: Extraction from reducing the NEQ - DSR
 -------------------------------------------------------------------------------


 INPUT AND OUTPUT FILENAMES
 --------------------------

 -------------------------------------------------------------------------------
 General constants               : ${X}/GEN/CONST.
 Program output                  : ${P}/GREECE/OUT/XTR210630.OUT
 Error message                   : ${U}/WORK/ERROR.MSG
 Session table                   : ${P}/GREECE/STA/SESSIONS.SES
 -------------------------------------------------------------------------------


 GPSEST/ADDNEQ2 INPUT FILES
 --------------------------

 -------------------------------------------------------------------------------
 File  GPSEST/ADDNEQ output files       
 -------------------------------------------------------------------------------
    1  ${P}/GREECE/OUT/DSR210630.OUT    
 -------------------------------------------------------------------------------


 LIST OF PROVIDED SUMMARY FILES:
 -------------------------------------------------------------------------------
 Filename                           Summary
 -------------------------------------------------------------------------------
 ${P}/GREECE/OUT/DSR210630.SUM      Output summary
 -------------------------------------------------------------------------------


-----------------------------------------------------------------
>>> CPU/Real time for pgm "GPSXTR": 0:00:00.003 / 0:00:00.004
>>> Program finished successfully

